This is pdfTeX, Version 3.141592653-2.6-1.40.25 (MiKTeX 23.4) (preloaded format=pdflatex 2023.4.20)  5 NOV 2023 19:08
entering extended mode
 restricted \write18 enabled.
 file:line:error style messages enabled.
 %&-line parsing enabled.
**"d:/Final Year Proj/Report/Final_year_project_report/Report/MainFile.tex"
(d:/Final Year Proj/Report/Final_year_project_report/Report/MainFile.tex
LaTeX2e <2022-11-01> patch level 1
L3 programming layer <2023-03-30> (C:\Users\Dell\AppData\Local\Programs\MiKTeX\tex/latex/base\report.cls
Document Class: report 2022/07/02 v1.4n Standard LaTeX document class
(C:\Users\Dell\AppData\Local\Programs\MiKTeX\tex/latex/base\size12.clo
File: size12.clo 2022/07/02 v1.4n Standard LaTeX file (size option)
)
\c@part=\count185
\c@chapter=\count186
\c@section=\count187
\c@subsection=\count188
\c@subsubsection=\count189
\c@paragraph=\count190
\c@subparagraph=\count191
\c@figure=\count192
\c@table=\count193
\abovecaptionskip=\skip48
\belowcaptionskip=\skip49
\bibindent=\dimen140
) (svniteced_seminar.sty) (C:\Users\Dell\AppData\Local\Programs\MiKTeX\tex/latex/graphics\graphics.sty
Package: graphics 2022/03/10 v1.4e Standard LaTeX Graphics (DPC,SPQR)
 (C:\Users\Dell\AppData\Local\Programs\MiKTeX\tex/latex/graphics\trig.sty
Package: trig 2021/08/11 v1.11 sin cos tan (DPC)
) (C:\Users\Dell\AppData\Local\Programs\MiKTeX\tex/latex/graphics-cfg\graphics.cfg
File: graphics.cfg 2016/06/04 v1.11 sample graphics configuration
)
Package graphics Info: Driver file: pdftex.def on input line 107.
 (C:\Users\Dell\AppData\Local\Programs\MiKTeX\tex/latex/graphics-def\pdftex.def
File: pdftex.def 2022/09/22 v1.2b Graphics/color driver for pdftex
)) (C:\Users\Dell\AppData\Local\Programs\MiKTeX\tex/latex/graphics\graphicx.sty
Package: graphicx 2021/09/16 v1.2d Enhanced LaTeX Graphics (DPC,SPQR)
 (C:\Users\Dell\AppData\Local\Programs\MiKTeX\tex/latex/graphics\keyval.sty
Package: keyval 2022/05/29 v1.15 key=value parser (DPC)
\KV@toks@=\toks16
)
\Gin@req@height=\dimen141
\Gin@req@width=\dimen142
) (C:\Users\Dell\AppData\Local\Programs\MiKTeX\tex/latex/graphics\color.sty
Package: color 2022/01/06 v1.3d Standard LaTeX Color (DPC)
 (C:\Users\Dell\AppData\Local\Programs\MiKTeX\tex/latex/graphics-cfg\color.cfg
File: color.cfg 2016/01/02 v1.6 sample color configuration
)
Package color Info: Driver file: pdftex.def on input line 149.
 (C:\Users\Dell\AppData\Local\Programs\MiKTeX\tex/latex/graphics\mathcolor.ltx)) (C:\Users\Dell\AppData\Local\Programs\MiKTeX\tex/latex/xcolor\xcolor.sty
Package: xcolor 2022/06/12 v2.14 LaTeX color extensions (UK)
 (C:\Users\Dell\AppData\Local\Programs\MiKTeX\tex/latex/graphics-cfg\color.cfg
File: color.cfg 2016/01/02 v1.6 sample color configuration
)
Package xcolor Info: Driver file: pdftex.def on input line 227.
LaTeX Info: Redefining \color on input line 711.
 (C:\Users\Dell\AppData\Local\Programs\MiKTeX\tex/latex/graphics\mathcolor.ltx)
Package xcolor Info: Model `cmy' substituted by `cmy0' on input line 1353.
Package xcolor Info: Model `hsb' substituted by `rgb' on input line 1357.
Package xcolor Info: Model `RGB' extended on input line 1369.
Package xcolor Info: Model `HTML' substituted by `rgb' on input line 1371.
Package xcolor Info: Model `Hsb' substituted by `hsb' on input line 1372.
Package xcolor Info: Model `tHsb' substituted by `hsb' on input line 1373.
Package xcolor Info: Model `HSB' substituted by `hsb' on input line 1374.
Package xcolor Info: Model `Gray' substituted by `gray' on input line 1375.
Package xcolor Info: Model `wave' substituted by `hsb' on input line 1376.
 (C:\Users\Dell\AppData\Local\Programs\MiKTeX\tex/latex/graphics\dvipsnam.def
File: dvipsnam.def 2016/06/17 v3.0m Driver-dependent file (DPC,SPQR)
)) (C:\Users\Dell\AppData\Local\Programs\MiKTeX\tex/latex/epstopdf-pkg\epstopdf.sty
Package: epstopdf 2020-01-24 v2.11 Conversion with epstopdf on the fly (HO)
 (C:\Users\Dell\AppData\Local\Programs\MiKTeX\tex/generic/infwarerr\infwarerr.sty
Package: infwarerr 2019/12/03 v1.5 Providing info/warning/error messages (HO)
) (C:\Users\Dell\AppData\Local\Programs\MiKTeX\tex/latex/grfext\grfext.sty
Package: grfext 2019/12/03 v1.3 Manage graphics extensions (HO)
 (C:\Users\Dell\AppData\Local\Programs\MiKTeX\tex/generic/kvdefinekeys\kvdefinekeys.sty
Package: kvdefinekeys 2019-12-19 v1.6 Define keys (HO)
)) (C:\Users\Dell\AppData\Local\Programs\MiKTeX\tex/latex/kvoptions\kvoptions.sty
Package: kvoptions 2022-06-15 v3.15 Key value format for package options (HO)
 (C:\Users\Dell\AppData\Local\Programs\MiKTeX\tex/generic/ltxcmds\ltxcmds.sty
Package: ltxcmds 2020-05-10 v1.25 LaTeX kernel commands for general use (HO)
) (C:\Users\Dell\AppData\Local\Programs\MiKTeX\tex/latex/kvsetkeys\kvsetkeys.sty
Package: kvsetkeys 2022-10-05 v1.19 Key value parser (HO)
)) (C:\Users\Dell\AppData\Local\Programs\MiKTeX\tex/generic/pdftexcmds\pdftexcmds.sty
Package: pdftexcmds 2020-06-27 v0.33 Utility functions of pdfTeX for LuaTeX (HO)
 (C:\Users\Dell\AppData\Local\Programs\MiKTeX\tex/generic/iftex\iftex.sty
Package: iftex 2022/02/03 v1.0f TeX engine tests
)
Package pdftexcmds Info: \pdf@primitive is available.
Package pdftexcmds Info: \pdf@ifprimitive is available.
Package pdftexcmds Info: \pdfdraftmode found.
) (C:\Users\Dell\AppData\Local\Programs\MiKTeX\tex/latex/epstopdf-pkg\epstopdf-base.sty
Package: epstopdf-base 2020-01-24 v2.11 Base part for package epstopdf
Package epstopdf-base Info: Redefining graphics rule for `.eps' on input line 485.
Package grfext Info: Graphics extension search list:
(grfext)             [.pdf,.png,.jpg,.mps,.jpeg,.jbig2,.jb2,.PDF,.PNG,.JPG,.JPEG,.JBIG2,.JB2,.eps]
(grfext)             \AppendGraphicsExtensions on input line 504.
 (C:\Users\Dell\AppData\Local\Programs\MiKTeX\tex/latex/00miktex\epstopdf-sys.cfg
File: epstopdf-sys.cfg 2021/03/18 v2.0 Configuration of epstopdf for MiKTeX
))) (C:\Users\Dell\AppData\Local\Programs\MiKTeX\tex/latex/multirow\multirow.sty
Package: multirow 2021/03/15 v2.8 Span multiple rows of a table
\multirow@colwidth=\skip50
\multirow@cntb=\count194
\multirow@dima=\skip51
\bigstrutjot=\dimen143
) (C:\Users\Dell\AppData\Local\Programs\MiKTeX\tex/latex/float\float.sty
Package: float 2001/11/08 v1.3d Float enhancements (AL)
\c@float@type=\count195
\float@exts=\toks17
\float@box=\box51
\@float@everytoks=\toks18
\@floatcapt=\box52
) (C:\Users\Dell\AppData\Local\Programs\MiKTeX\tex/latex/amsmath\amsmath.sty
Package: amsmath 2022/04/08 v2.17n AMS math features
\@mathmargin=\skip52

For additional information on amsmath, use the `?' option.
(C:\Users\Dell\AppData\Local\Programs\MiKTeX\tex/latex/amsmath\amstext.sty
Package: amstext 2021/08/26 v2.01 AMS text
 (C:\Users\Dell\AppData\Local\Programs\MiKTeX\tex/latex/amsmath\amsgen.sty
File: amsgen.sty 1999/11/30 v2.0 generic functions
\@emptytoks=\toks19
\ex@=\dimen144
)) (C:\Users\Dell\AppData\Local\Programs\MiKTeX\tex/latex/amsmath\amsbsy.sty
Package: amsbsy 1999/11/29 v1.2d Bold Symbols
\pmbraise@=\dimen145
) (C:\Users\Dell\AppData\Local\Programs\MiKTeX\tex/latex/amsmath\amsopn.sty
Package: amsopn 2022/04/08 v2.04 operator names
)
\inf@bad=\count196
LaTeX Info: Redefining \frac on input line 234.
\uproot@=\count197
\leftroot@=\count198
LaTeX Info: Redefining \overline on input line 399.
LaTeX Info: Redefining \colon on input line 410.
\classnum@=\count199
\DOTSCASE@=\count266
LaTeX Info: Redefining \ldots on input line 496.
LaTeX Info: Redefining \dots on input line 499.
LaTeX Info: Redefining \cdots on input line 620.
\Mathstrutbox@=\box53
\strutbox@=\box54
LaTeX Info: Redefining \big on input line 722.
LaTeX Info: Redefining \Big on input line 723.
LaTeX Info: Redefining \bigg on input line 724.
LaTeX Info: Redefining \Bigg on input line 725.
\big@size=\dimen146
LaTeX Font Info:    Redeclaring font encoding OML on input line 743.
LaTeX Font Info:    Redeclaring font encoding OMS on input line 744.
\macc@depth=\count267
LaTeX Info: Redefining \bmod on input line 905.
LaTeX Info: Redefining \pmod on input line 910.
LaTeX Info: Redefining \smash on input line 940.
LaTeX Info: Redefining \relbar on input line 970.
LaTeX Info: Redefining \Relbar on input line 971.
\c@MaxMatrixCols=\count268
\dotsspace@=\muskip16
\c@parentequation=\count269
\dspbrk@lvl=\count270
\tag@help=\toks20
\row@=\count271
\column@=\count272
\maxfields@=\count273
\andhelp@=\toks21
\eqnshift@=\dimen147
\alignsep@=\dimen148
\tagshift@=\dimen149
\tagwidth@=\dimen150
\totwidth@=\dimen151
\lineht@=\dimen152
\@envbody=\toks22
\multlinegap=\skip53
\multlinetaggap=\skip54
\mathdisplay@stack=\toks23
LaTeX Info: Redefining \[ on input line 2953.
LaTeX Info: Redefining \] on input line 2954.
) (C:\Users\Dell\AppData\Local\Programs\MiKTeX\tex/latex/tools\array.sty
Package: array 2022/09/04 v2.5g Tabular extension package (FMi)
\col@sep=\dimen153
\ar@mcellbox=\box55
\extrarowheight=\dimen154
\NC@list=\toks24
\extratabsurround=\skip55
\backup@length=\skip56
\ar@cellbox=\box56
) (C:\Users\Dell\AppData\Local\Programs\MiKTeX\tex/latex/algorithms\algorithm.sty
Package: algorithm 2009/08/24 v0.1 Document Style `algorithm' - floating environment
 (C:\Users\Dell\AppData\Local\Programs\MiKTeX\tex/latex/base\ifthen.sty
Package: ifthen 2022/04/13 v1.1d Standard LaTeX ifthen package (DPC)
)
\@float@every@algorithm=\toks25
\c@algorithm=\count274
) (C:\Users\Dell\AppData\Local\Programs\MiKTeX\tex/latex/algorithms\algorithmic.sty
Package: algorithmic 2009/08/24 v0.1 Document Style `algorithmic'
\c@ALC@unique=\count275
\c@ALC@line=\count276
\c@ALC@rem=\count277
\c@ALC@depth=\count278
\ALC@tlm=\skip57
\algorithmicindent=\skip58
) (C:\Users\Dell\AppData\Local\Programs\MiKTeX\tex/latex/tools\verbatim.sty
Package: verbatim 2022-07-02 v1.5u LaTeX2e package for verbatim enhancements
\every@verbatim=\toks26
\verbatim@line=\toks27
\verbatim@in@stream=\read2
) (C:\Users\Dell\AppData\Local\Programs\MiKTeX\tex/latex/psnfss\times.sty
Package: times 2020/03/25 PSNFSS-v9.3 (SPQR) 
) (C:\Users\Dell\AppData\Local\Programs\MiKTeX\tex/latex/fancyhdr\fancyhdr.sty
Package: fancyhdr 2022/11/09 v4.1 Extensive control of page headers and footers
\f@nch@headwidth=\skip59
\f@nch@O@elh=\skip60
\f@nch@O@erh=\skip61
\f@nch@O@olh=\skip62
\f@nch@O@orh=\skip63
\f@nch@O@elf=\skip64
\f@nch@O@erf=\skip65
\f@nch@O@olf=\skip66
\f@nch@O@orf=\skip67
) (C:\Users\Dell\AppData\Local\Programs\MiKTeX\tex/latex/graphics\rotating.sty
Package: rotating 2016/08/11 v2.16d rotated objects in LaTeX
\c@r@tfl@t=\count279
\rotFPtop=\skip68
\rotFPbot=\skip69
\rot@float@box=\box57
\rot@mess@toks=\toks28
) (C:\Users\Dell\AppData\Local\Programs\MiKTeX\tex/latex/mdwtools\footnote.sty
Package: footnote 1997/01/28 1.13 Save footnotes around boxes
\fn@notes=\box58
\fn@width=\dimen155
) (C:\Users\Dell\AppData\Local\Programs\MiKTeX\tex/latex/morefloats\morefloats.sty
Package: morefloats 2015/07/22 v1.0h Raise limit of unprocessed floats (HMM)
Package morefloats Info: Maximum number of possible floats asked for: 36
(morefloats)             (i.e. 18 more floats).
(morefloats)             LaTeX might run out of memory before this
(morefloats)             (in which case it will notify you).
) (C:\Users\Dell\AppData\Local\Programs\MiKTeX\tex/latex/amsfonts\amsfonts.sty
Package: amsfonts 2013/01/14 v3.01 Basic AMSFonts support
\symAMSa=\mathgroup4
\symAMSb=\mathgroup5
LaTeX Font Info:    Redeclaring math symbol \hbar on input line 98.
LaTeX Font Info:    Overwriting math alphabet `\mathfrak' in version `bold'
(Font)                  U/euf/m/n --> U/euf/b/n on input line 106.
) (C:\Users\Dell\AppData\Local\Programs\MiKTeX\tex/latex/amsfonts\amssymb.sty
Package: amssymb 2013/01/14 v3.01 AMS font symbols
) (C:\Users\Dell\AppData\Local\Programs\MiKTeX\tex/latex/type1cm\type1cm.sty
Package: type1cm 2002/09/05 v0.04 BlueSky/Y&Y Type1 CM font definitions (DPC, patched RF)
) (C:\Users\Dell\AppData\Local\Programs\MiKTeX\tex/latex/eso-pic\eso-pic.sty
Package: eso-pic 2023/05/03 v3.0c eso-pic (RN)
\ESO@tempdima=\dimen156
\ESO@tempdimb=\dimen157
) (C:\Users\Dell\AppData\Local\Programs\MiKTeX\tex/latex/fancybox\fancybox.sty
Package: fancybox 2010/05/15 1.4

Style option: `fancybox' v1.4 <2010/05/15> (tvz)
\@fancybox=\box59
\shadowsize=\dimen158
\@Sbox=\box60
\do@VerbBox=\toks29
\the@fancyput=\toks30
\this@fancyput=\toks31
\EndVerbatimTokens=\toks32
\Verbatim@Outfile=\write3
\Verbatim@Infile=\read3
) (C:\Users\Dell\AppData\Local\Programs\MiKTeX\tex/latex/lipsum\lipsum.sty (C:\Users\Dell\AppData\Local\Programs\MiKTeX\tex/latex/l3packages/l3keys2e\l3keys2e.sty (C:\Users\Dell\AppData\Local\Programs\MiKTeX\tex/latex/l3kernel\expl3.sty
Package: expl3 2023-03-30 L3 programming layer (loader) 
 (C:\Users\Dell\AppData\Local\Programs\MiKTeX\tex/latex/l3backend\l3backend-pdftex.def
File: l3backend-pdftex.def 2023-03-30 L3 backend support: PDF output (pdfTeX)
\l__color_backend_stack_int=\count280
\l__pdf_internal_box=\box61
))
Package: l3keys2e 2023-02-02 LaTeX2e option processing using LaTeX3 keys
)
Package: lipsum 2021-09-20 v2.7 150 paragraphs of Lorem Ipsum dummy text
\g__lipsum_par_int=\count281
\l__lipsum_a_int=\count282
\l__lipsum_b_int=\count283
 (C:\Users\Dell\AppData\Local\Programs\MiKTeX\tex/latex/lipsum\lipsum.ltd.tex)) (C:\Users\Dell\AppData\Local\Programs\MiKTeX\tex/latex/geometry\geometry.sty
Package: geometry 2020/01/02 v5.9 Page Geometry
 (C:\Users\Dell\AppData\Local\Programs\MiKTeX\tex/generic/iftex\ifvtex.sty
Package: ifvtex 2019/10/25 v1.7 ifvtex legacy package. Use iftex instead.
)
\Gm@cnth=\count284
\Gm@cntv=\count285
\c@Gm@tempcnt=\count286
\Gm@bindingoffset=\dimen159
\Gm@wd@mp=\dimen160
\Gm@odd@mp=\dimen161
\Gm@even@mp=\dimen162
\Gm@layoutwidth=\dimen163
\Gm@layoutheight=\dimen164
\Gm@layouthoffset=\dimen165
\Gm@layoutvoffset=\dimen166
\Gm@dimlist=\toks33
 (C:\Users\Dell\AppData\Local\Programs\MiKTeX\tex/latex/geometry\geometry.cfg)) (C:\Users\Dell\AppData\Local\Programs\MiKTeX\tex/latex/base\makeidx.sty
Package: makeidx 2021/10/04 v1.0m Standard LaTeX package
) (C:\Users\Dell\AppData\Local\Programs\MiKTeX\tex/latex/caption\subcaption.sty
Package: subcaption 2023/07/28 v1.6b Sub-captions (AR)
 (C:\Users\Dell\AppData\Local\Programs\MiKTeX\tex/latex/caption\caption.sty
Package: caption 2023/08/05 v3.6o Customizing captions (AR)
 (C:\Users\Dell\AppData\Local\Programs\MiKTeX\tex/latex/caption\caption3.sty
Package: caption3 2023/07/31 v2.4d caption3 kernel (AR)
\caption@tempdima=\dimen167
\captionmargin=\dimen168
\caption@leftmargin=\dimen169
\caption@rightmargin=\dimen170
\caption@width=\dimen171
\caption@indent=\dimen172
\caption@parindent=\dimen173
\caption@hangindent=\dimen174
Package caption Info: Unknown document class (or package),
(caption)             standard defaults will be used.
Package caption Info: \@makecaption = \long macro:#1#2->\vskip \abovecaptionskip \sbox \@tempboxa {#1: #2}\ifdim \wd \@tempboxa >\hsize \sbox \@tempboxa {#1: #2}\begin {center} \ssp #1: \parbox [t]{5in}{#2} \end {center} \else \global \@minipagefalse \hb@xt@ \hsize {\hfil \box \@tempboxa \hfil }\fi \vskip \belowcaptionskip  on input line 1175.
)

Package caption Warning: Unknown document class (or package),
(caption)                standard defaults will be used.
See the caption package documentation for explanation.

\c@caption@flags=\count287
\c@continuedfloat=\count288
Package caption Info: float package is loaded.
Package caption Info: rotating package is loaded.
)
Package caption Info: New subtype `subfigure' on input line 238.
\c@subfigure=\count289
Package caption Info: New subtype `subtable' on input line 238.
\c@subtable=\count290
) (C:\Users\Dell\AppData\Local\Programs\MiKTeX\tex/latex/tools\afterpage.sty
Package: afterpage 2014/10/28 v1.08 After-Page Package (DPC)
\AP@output=\toks34
\AP@partial=\box62
\AP@footins=\box63
) (C:\Users\Dell\AppData\Local\Programs\MiKTeX\tex/latex/graphics\lscape.sty
Package: lscape 2020/05/28 v3.02 Landscape Pages (DPC)
) (C:\Users\Dell\AppData\Local\Programs\MiKTeX\tex/latex/tools\longtable.sty
Package: longtable 2021-09-01 v4.17 Multi-page Table package (DPC)
\LTleft=\skip70
\LTright=\skip71
\LTpre=\skip72
\LTpost=\skip73
\LTchunksize=\count291
\LTcapwidth=\dimen175
\LT@head=\box64
\LT@firsthead=\box65
\LT@foot=\box66
\LT@lastfoot=\box67
\LT@gbox=\box68
\LT@cols=\count292
\LT@rows=\count293
\c@LT@tables=\count294
\c@LT@chunks=\count295
\LT@p@ftn=\toks35
) (C:\Users\Dell\AppData\Local\Programs\MiKTeX\tex/latex/cite\cite.sty
LaTeX Info: Redefining \cite on input line 302.
LaTeX Info: Redefining \nocite on input line 332.
Package: cite 2015/02/27  v 5.5
)
LaTeX Font Info:    Trying to load font information for OT1+ptm on input line 47.
 (C:\Users\Dell\AppData\Local\Programs\MiKTeX\tex/latex/psnfss\ot1ptm.fd
File: ot1ptm.fd 2001/06/04 font definitions for OT1/ptm.
) (MainFile.aux)
\openout1 = `MainFile.aux'.

LaTeX Font Info:    Checking defaults for OML/cmm/m/it on input line 47.
LaTeX Font Info:    ... okay on input line 47.
LaTeX Font Info:    Checking defaults for OMS/cmsy/m/n on input line 47.
LaTeX Font Info:    ... okay on input line 47.
LaTeX Font Info:    Checking defaults for OT1/cmr/m/n on input line 47.
LaTeX Font Info:    ... okay on input line 47.
LaTeX Font Info:    Checking defaults for T1/cmr/m/n on input line 47.
LaTeX Font Info:    ... okay on input line 47.
LaTeX Font Info:    Checking defaults for TS1/cmr/m/n on input line 47.
LaTeX Font Info:    ... okay on input line 47.
LaTeX Font Info:    Checking defaults for OMX/cmex/m/n on input line 47.
LaTeX Font Info:    ... okay on input line 47.
LaTeX Font Info:    Checking defaults for U/cmr/m/n on input line 47.
LaTeX Font Info:    ... okay on input line 47.
 (C:\Users\Dell\AppData\Local\Programs\MiKTeX\tex/context/base/mkii\supp-pdf.mkii
[Loading MPS to PDF converter (version 2006.09.02).]
\scratchcounter=\count296
\scratchdimen=\dimen176
\scratchbox=\box69
\nofMPsegments=\count297
\nofMParguments=\count298
\everyMPshowfont=\toks36
\MPscratchCnt=\count299
\MPscratchDim=\dimen177
\MPnumerator=\count300
\makeMPintoPDFobject=\count301
\everyMPtoPDFconversion=\toks37
)
*geometry* driver: auto-detecting
*geometry* detected driver: pdftex
*geometry* verbose mode - [ preamble ] result:
* driver: pdftex
* paper: <default>
* layout: <same size as paper>
* layoutoffset:(h,v)=(0.0pt,0.0pt)
* modes: 
* h-part:(L,W,R)=(89.62709pt, 418.25368pt, 89.6271pt)
* v-part:(T,H,B)=(101.40665pt, 591.5302pt, 152.11pt)
* \paperwidth=597.50787pt
* \paperheight=845.04684pt
* \textwidth=418.25368pt
* \textheight=591.5302pt
* \oddsidemargin=17.3571pt
* \evensidemargin=17.3571pt
* \topmargin=-6.99832pt
* \headheight=18.06749pt
* \headsep=18.06749pt
* \topskip=12.0pt
* \footskip=36.135pt
* \marginparwidth=44.0pt
* \marginparsep=10.0pt
* \columnsep=10.0pt
* \skip\footins=10.8pt plus 4.0pt minus 2.0pt
* \hoffset=0.0pt
* \voffset=0.0pt
* \mag=1000
* \@twocolumnfalse
* \@twosidefalse
* \@mparswitchfalse
* \@reversemarginfalse
* (1in=72.27pt=25.4mm, 1cm=28.453pt)

Package caption Info: Begin \AtBeginDocument code.
Package caption Info: longtable package is loaded.
(C:\Users\Dell\AppData\Local\Programs\MiKTeX\tex/latex/caption\ltcaption.sty
Package: ltcaption 2021/01/08 v1.4c longtable captions (AR)
)
Package caption Info: End \AtBeginDocument code.
*geometry* verbose mode - [ newgeometry ] result:
* driver: pdftex
* paper: <default>
* layout: <same size as paper>
* layoutoffset:(h,v)=(0.0pt,0.0pt)
* hratio: 1:1
* modes: 
* h-part:(L,W,R)=(85.35826pt, 455.24411pt, 56.9055pt)
* v-part:(T,H,B)=(56.9055pt, 731.23584pt, 56.9055pt)
* \paperwidth=597.50787pt
* \paperheight=845.04684pt
* \textwidth=455.24411pt
* \textheight=731.23584pt
* \oddsidemargin=13.08827pt
* \evensidemargin=13.08827pt
* \topmargin=-51.49947pt
* \headheight=18.06749pt
* \headsep=18.06749pt
* \topskip=12.0pt
* \footskip=36.135pt
* \marginparwidth=44.0pt
* \marginparsep=10.0pt
* \columnsep=10.0pt
* \skip\footins=10.8pt plus 4.0pt minus 2.0pt
* \hoffset=0.0pt
* \voffset=0.0pt
* \mag=1000
* \@twocolumnfalse
* \@twosidefalse
* \@mparswitchfalse
* \@reversemarginfalse
* (1in=72.27pt=25.4mm, 1cm=28.453pt)



d:/Final Year Proj/Report/Final_year_project_report/Report/MainFile.tex:73: Package xcolor Error: Undefined color `mypink1'.

See the xcolor package documentation for explanation.
Type  H <return>  for immediate help.
 ...                                              
                                                  
l.73 \MakeTitlePage
                   
Try typing  <return>  to proceed.
If that doesn't work, type  X <return>  to quit.


d:/Final Year Proj/Report/Final_year_project_report/Report/MainFile.tex:73: Package xcolor Error: Undefined color `rollno'.

See the xcolor package documentation for explanation.
Type  H <return>  for immediate help.
 ...                                              
                                                  
l.73 \MakeTitlePage
                   
Try typing  <return>  to proceed.
If that doesn't work, type  X <return>  to quit.

d:/Final Year Proj/Report/Final_year_project_report/Report/MainFile.tex:73: Missing $ inserted.
<inserted text> 
                $
l.73 \MakeTitlePage
                   
I've inserted a begin-math/end-math symbol since I think
you left one out. Proceed, with fingers crossed.

d:/Final Year Proj/Report/Final_year_project_report/Report/MainFile.tex:73: Extra }, or forgotten $.
\@textcolor ...otect \leavevmode {\color #1{#2}#3}
                                                  
l.73 \MakeTitlePage
                   
I've deleted a group-closing symbol because it seems to be
spurious, as in `$x}$'. But perhaps the } is legitimate and
you forgot something else, as in `\hbox{$x}'. In such cases
the way to recover is to insert both the forgotten and the
deleted material, e.g., by typing `I$}'.

d:/Final Year Proj/Report/Final_year_project_report/Report/MainFile.tex:73: Extra }, or forgotten $.
\MakeTitlePage ...C), 8^{th} \textbf { Semester}}}
                                                  } \end {center} \vfill \be...
l.73 \MakeTitlePage
                   
I've deleted a group-closing symbol because it seems to be
spurious, as in `$x}$'. But perhaps the } is legitimate and
you forgot something else, as in `\hbox{$x}'. In such cases
the way to recover is to insert both the forgotten and the
deleted material, e.g., by typing `I$}'.

d:/Final Year Proj/Report/Final_year_project_report/Report/MainFile.tex:73: Extra }, or forgotten $.
\MakeTitlePage ...), 8^{th} \textbf { Semester}}}}
                                                   \end {center} \vfill \beg...
l.73 \MakeTitlePage
                   
I've deleted a group-closing symbol because it seems to be
spurious, as in `$x}$'. But perhaps the } is legitimate and
you forgot something else, as in `\hbox{$x}'. In such cases
the way to recover is to insert both the forgotten and the
deleted material, e.g., by typing `I$}'.


d:/Final Year Proj/Report/Final_year_project_report/Report/MainFile.tex:73: LaTeX Error: Command \end{center} invalid in math mode.

See the LaTeX manual or LaTeX Companion for explanation.
Type  H <return>  for immediate help.
 ...                                              
                                                  
l.73 \MakeTitlePage
                   
Try typing  <return>  to proceed.
If that doesn't work, type  X <return>  to quit.


d:/Final Year Proj/Report/Final_year_project_report/Report/MainFile.tex:73: LaTeX Error: Something's wrong--perhaps a missing \item.

See the LaTeX manual or LaTeX Companion for explanation.
Type  H <return>  for immediate help.
 ...                                              
                                                  
l.73 \MakeTitlePage
                   
Try typing  <return>  to proceed.
If that doesn't work, type  X <return>  to quit.


d:/Final Year Proj/Report/Final_year_project_report/Report/MainFile.tex:73: LaTeX Error: Something's wrong--perhaps a missing \item.

See the LaTeX manual or LaTeX Companion for explanation.
Type  H <return>  for immediate help.
 ...                                              
                                                  
l.73 \MakeTitlePage
                   
Try typing  <return>  to proceed.
If that doesn't work, type  X <return>  to quit.

d:/Final Year Proj/Report/Final_year_project_report/Report/MainFile.tex:73: Missing $ inserted.
<inserted text> 
                $
l.73 \MakeTitlePage
                   
I've inserted something that you may have forgotten.
(See the <inserted text> above.)
With luck, this will get me unwedged. But if you
really didn't forget anything, try typing `2' now; then
my insertion and my current dilemma will both disappear.

d:/Final Year Proj/Report/Final_year_project_report/Report/MainFile.tex:73: Missing } inserted.
<inserted text> 
                }
l.73 \MakeTitlePage
                   
I've inserted something that you may have forgotten.
(See the <inserted text> above.)
With luck, this will get me unwedged. But if you
really didn't forget anything, try typing `2' now; then
my insertion and my current dilemma will both disappear.

d:/Final Year Proj/Report/Final_year_project_report/Report/MainFile.tex:73: Missing } inserted.
<inserted text> 
                }
l.73 \MakeTitlePage
                   
I've inserted something that you may have forgotten.
(See the <inserted text> above.)
With luck, this will get me unwedged. But if you
really didn't forget anything, try typing `2' now; then
my insertion and my current dilemma will both disappear.

d:/Final Year Proj/Report/Final_year_project_report/Report/MainFile.tex:73: Missing } inserted.
<inserted text> 
                }
l.73 \MakeTitlePage
                   
I've inserted something that you may have forgotten.
(See the <inserted text> above.)
With luck, this will get me unwedged. But if you
really didn't forget anything, try typing `2' now; then
my insertion and my current dilemma will both disappear.

<svnit_logo.jpg, id=1, 80.4825pt x 70.956pt>
File: svnit_logo.jpg Graphic file (type jpg)
<use svnit_logo.jpg>
Package pdftex.def Info: svnit_logo.jpg  used on input line 73.
(pdftex.def)             Requested size: 80.48228pt x 70.9558pt.

d:/Final Year Proj/Report/Final_year_project_report/Report/MainFile.tex:73: Package xcolor Error: Undefined color `rollno'.

See the xcolor package documentation for explanation.
Type  H <return>  for immediate help.
 ...                                              
                                                  
l.73 \MakeTitlePage
                   
Try typing  <return>  to proceed.
If that doesn't work, type  X <return>  to quit.

[1


{C:/Users/Dell/AppData/Local/MiKTeX/fonts/map/pdftex/pdftex.map}{C:/Users/Dell/AppData/Local/Programs/MiKTeX/fonts/enc/dvips/base/8r.enc} <./svnit_logo.jpg>]
*geometry* verbose mode - [ newgeometry ] result:
* driver: pdftex
* paper: <default>
* layout: <same size as paper>
* layoutoffset:(h,v)=(0.0pt,0.0pt)
* hratio: 1:1
* modes: 
* h-part:(L,W,R)=(89.62709pt, 418.25368pt, 89.6271pt)
* v-part:(T,H,B)=(42.67912pt, 731.23584pt, 71.13188pt)
* \paperwidth=597.50787pt
* \paperheight=845.04684pt
* \textwidth=418.25368pt
* \textheight=731.23584pt
* \oddsidemargin=17.3571pt
* \evensidemargin=17.3571pt
* \topmargin=-65.72585pt
* \headheight=18.06749pt
* \headsep=18.06749pt
* \topskip=12.0pt
* \footskip=36.135pt
* \marginparwidth=44.0pt
* \marginparsep=10.0pt
* \columnsep=10.0pt
* \skip\footins=10.8pt plus 4.0pt minus 2.0pt
* \hoffset=0.0pt
* \voffset=0.0pt
* \mag=1000
* \@twocolumnfalse
* \@twosidefalse
* \@mparswitchfalse
* \@reversemarginfalse
* (1in=72.27pt=25.4mm, 1cm=28.453pt)

File: svnit_logo.jpg Graphic file (type jpg)
<use svnit_logo.jpg>
Package pdftex.def Info: svnit_logo.jpg  used on input line 74.
(pdftex.def)             Requested size: 80.48228pt x 70.9558pt.


d:/Final Year Proj/Report/Final_year_project_report/Report/MainFile.tex:74: Package xcolor Error: Undefined color `rollno'.

See the xcolor package documentation for explanation.
Type  H <return>  for immediate help.
 ...                                              
                                                  
l.74 \MakeCerti
               
Try typing  <return>  to proceed.
If that doesn't work, type  X <return>  to quit.


d:/Final Year Proj/Report/Final_year_project_report/Report/MainFile.tex:74: Package xcolor Error: Undefined color `mydarkred'.

See the xcolor package documentation for explanation.
Type  H <return>  for immediate help.
 ...                                              
                                                  
l.74 \MakeCerti
               
Try typing  <return>  to proceed.
If that doesn't work, type  X <return>  to quit.


Underfull \hbox (badness 10000) in paragraph at lines 74--74

 []


d:/Final Year Proj/Report/Final_year_project_report/Report/MainFile.tex:74: Package xcolor Error: Undefined color `rollno'.

See the xcolor package documentation for explanation.
Type  H <return>  for immediate help.
 ...                                              
                                                  
l.74 \MakeCerti
               
Try typing  <return>  to proceed.
If that doesn't work, type  X <return>  to quit.


d:/Final Year Proj/Report/Final_year_project_report/Report/MainFile.tex:74: Package xcolor Error: Undefined color `rollno'.

See the xcolor package documentation for explanation.
Type  H <return>  for immediate help.
 ...                                              
                                                  
l.74 \MakeCerti
               
Try typing  <return>  to proceed.
If that doesn't work, type  X <return>  to quit.

d:/Final Year Proj/Report/Final_year_project_report/Report/MainFile.tex:74: Missing } inserted.
<inserted text> 
                }
l.74 \MakeCerti
               
I've put in what seems to be necessary to fix
the current column of the current alignment.
Try to go on, since this might almost work.

d:/Final Year Proj/Report/Final_year_project_report/Report/MainFile.tex:74: Extra }, or forgotten \endgroup.
<recently read> }
                 
l.74 \MakeCerti
               
I've deleted a group-closing symbol because it seems to be
spurious, as in `$x}$'. But perhaps the } is legitimate and
you forgot something else, as in `\hbox{$x}'. In such cases
the way to recover is to insert both the forgotten and the
deleted material, e.g., by typing `I$}'.


d:/Final Year Proj/Report/Final_year_project_report/Report/MainFile.tex:74: Package xcolor Error: Undefined color `rollno'.

See the xcolor package documentation for explanation.
Type  H <return>  for immediate help.
 ...                                              
                                                  
l.74 \MakeCerti
               
Try typing  <return>  to proceed.
If that doesn't work, type  X <return>  to quit.


d:/Final Year Proj/Report/Final_year_project_report/Report/MainFile.tex:74: Package xcolor Error: Undefined color `rollno'.

See the xcolor package documentation for explanation.
Type  H <return>  for immediate help.
 ...                                              
                                                  
l.74 \MakeCerti
               
Try typing  <return>  to proceed.
If that doesn't work, type  X <return>  to quit.

d:/Final Year Proj/Report/Final_year_project_report/Report/MainFile.tex:74: Missing } inserted.
<inserted text> 
                }
l.74 \MakeCerti
               
I've put in what seems to be necessary to fix
the current column of the current alignment.
Try to go on, since this might almost work.

d:/Final Year Proj/Report/Final_year_project_report/Report/MainFile.tex:74: Extra }, or forgotten \endgroup.
<recently read> }
                 
l.74 \MakeCerti
               
I've deleted a group-closing symbol because it seems to be
spurious, as in `$x}$'. But perhaps the } is legitimate and
you forgot something else, as in `\hbox{$x}'. In such cases
the way to recover is to insert both the forgotten and the
deleted material, e.g., by typing `I$}'.


d:/Final Year Proj/Report/Final_year_project_report/Report/MainFile.tex:74: Package xcolor Error: Undefined color `rollno'.

See the xcolor package documentation for explanation.
Type  H <return>  for immediate help.
 ...                                              
                                                  
l.74 \MakeCerti
               
Try typing  <return>  to proceed.
If that doesn't work, type  X <return>  to quit.


d:/Final Year Proj/Report/Final_year_project_report/Report/MainFile.tex:74: Package xcolor Error: Undefined color `rollno'.

See the xcolor package documentation for explanation.
Type  H <return>  for immediate help.
 ...                                              
                                                  
l.74 \MakeCerti
               
Try typing  <return>  to proceed.
If that doesn't work, type  X <return>  to quit.

d:/Final Year Proj/Report/Final_year_project_report/Report/MainFile.tex:74: Missing } inserted.
<inserted text> 
                }
l.74 \MakeCerti
               
I've put in what seems to be necessary to fix
the current column of the current alignment.
Try to go on, since this might almost work.

d:/Final Year Proj/Report/Final_year_project_report/Report/MainFile.tex:74: Extra }, or forgotten \endgroup.
<recently read> }
                 
l.74 \MakeCerti
               
I've deleted a group-closing symbol because it seems to be
spurious, as in `$x}$'. But perhaps the } is legitimate and
you forgot something else, as in `\hbox{$x}'. In such cases
the way to recover is to insert both the forgotten and the
deleted material, e.g., by typing `I$}'.


d:/Final Year Proj/Report/Final_year_project_report/Report/MainFile.tex:74: Package xcolor Error: Undefined color `rollno'.

See the xcolor package documentation for explanation.
Type  H <return>  for immediate help.
 ...                                              
                                                  
l.74 \MakeCerti
               
Try typing  <return>  to proceed.
If that doesn't work, type  X <return>  to quit.


d:/Final Year Proj/Report/Final_year_project_report/Report/MainFile.tex:74: Package xcolor Error: Undefined color `rollno'.

See the xcolor package documentation for explanation.
Type  H <return>  for immediate help.
 ...                                              
                                                  
l.74 \MakeCerti
               
Try typing  <return>  to proceed.
If that doesn't work, type  X <return>  to quit.

d:/Final Year Proj/Report/Final_year_project_report/Report/MainFile.tex:74: Missing } inserted.
<inserted text> 
                }
l.74 \MakeCerti
               
I've put in what seems to be necessary to fix
the current column of the current alignment.
Try to go on, since this might almost work.

d:/Final Year Proj/Report/Final_year_project_report/Report/MainFile.tex:74: Extra }, or forgotten \endgroup.
<recently read> }
                 
l.74 \MakeCerti
               
I've deleted a group-closing symbol because it seems to be
spurious, as in `$x}$'. But perhaps the } is legitimate and
you forgot something else, as in `\hbox{$x}'. In such cases
the way to recover is to insert both the forgotten and the
deleted material, e.g., by typing `I$}'.

d:/Final Year Proj/Report/Final_year_project_report/Report/MainFile.tex:74: Extra \fi.
\MakeCerti ...\ \end {tabular} } \end {table} \fi 
                                                  \par \restoregeometry \new...
l.74 \MakeCerti
               
I'm ignoring this; it doesn't match any \if.

[2




]
*geometry* verbose mode - [ newgeometry ] result:
* driver: pdftex
* paper: <default>
* layout: <same size as paper>
* layoutoffset:(h,v)=(0.0pt,0.0pt)
* modes: 
* h-part:(L,W,R)=(108.405pt, 416.83289pt, 72.26999pt)
* v-part:(T,H,B)=(101.40665pt, 653.3027pt, 90.3375pt)
* \paperwidth=597.50787pt
* \paperheight=845.04684pt
* \textwidth=416.83289pt
* \textheight=653.3027pt
* \oddsidemargin=36.13501pt
* \evensidemargin=36.13501pt
* \topmargin=-6.99832pt
* \headheight=18.06749pt
* \headsep=18.06749pt
* \topskip=12.0pt
* \footskip=36.135pt
* \marginparwidth=44.0pt
* \marginparsep=10.0pt
* \columnsep=10.0pt
* \skip\footins=10.8pt plus 4.0pt minus 2.0pt
* \hoffset=0.0pt
* \voffset=0.0pt
* \mag=1000
* \@twocolumnfalse
* \@twosidefalse
* \@mparswitchfalse
* \@reversemarginfalse
* (1in=72.27pt=25.4mm, 1cm=28.453pt)



Package fancyhdr Warning: \fancyhead's `E' option without twoside option is useless.
(fancyhdr)                Please consider using the `twoside' option on input line 74.

\openout2 = `acknowl.aux'.

(acknowl.tex
acknowl.tex:5: Misplaced alignment tab character &.
l.5 ...deep regards to our guide Dr. Kishor Upla &
                                                   Prof. Kiran Raja for thei...
I can't figure out why you would want to use a tab mark
here. If you just want an ampersand, the remedy is
simple: Just type `I\&' now. But if some right brace
up above has ended a previous alignment prematurely,
you're probably due for more error messages, and you
might try typing `S' now just to see what is salvageable.

) [3







]
\openout2 = `abstract.aux'.

 (abstract.tex

LaTeX Warning: Citation `SRGAN' on page iv undefined on input line 6.


LaTeX Warning: Citation `DenseNET' on page iv undefined on input line 6.


LaTeX Warning: Citation `RCAN' on page iv undefined on input line 6.

) [4







]
No file MainFile.toc.
\tf@toc=\write4
\openout4 = `MainFile.toc'.

[5




]
No file MainFile.lof.
\tf@lof=\write5
\openout5 = `MainFile.lof'.

[6


]
No file MainFile.lot.
\tf@lot=\write6
\openout6 = `MainFile.lot'.

[7


]
\openout2 = `abbreviations.aux'.

 (abbreviations.tex) [8





]
\openout2 = `null.aux'.

 (C:\Users\Dell\AppData\Local\Programs\MiKTeX\tex/generic/knuth-lib\null.tex)
\openout2 = `Chapter1/chapter1.aux'.

 (Chapter1/chapter1.tex
Chapter 1.

LaTeX Warning: Reference `fig:label1.1' on page 1 undefined on input line 7.

<Chapter1/Fig4.png, id=38, 244.915pt x 323.2075pt>
File: Chapter1/Fig4.png Graphic file (type png)
<use Chapter1/Fig4.png>
Package pdftex.def Info: Chapter1/Fig4.png  used on input line 11.
(pdftex.def)             Requested size: 136.90854pt x 180.67499pt.

LaTeX Warning: Citation `Capsule' on page 1 undefined on input line 12.


LaTeX Warning: Citation `Capsule' on page 1 undefined on input line 12.


LaTeX Warning: `h' float specifier changed to `ht'.

<Chapter1/Fig5.png, id=40, 569.12625pt x 347.2975pt>
File: Chapter1/Fig5.png Graphic file (type png)
<use Chapter1/Fig5.png>
Package pdftex.def Info: Chapter1/Fig5.png  used on input line 18.
(pdftex.def)             Requested size: 236.86903pt x 144.54pt.

LaTeX Warning: Citation `Capsule' on page 1 undefined on input line 19.


LaTeX Warning: Citation `Capsule' on page 1 undefined on input line 19.


LaTeX Warning: `h' float specifier changed to `ht'.


LaTeX Warning: Reference `fig:label1.2' on page 1 undefined on input line 25.

[1










]

LaTeX Warning: Reference `fig:label1.3' on page 2 undefined on input line 27.


LaTeX Warning: Reference `eq:1.1' on page 2 undefined on input line 27.

[2 <./Chapter1/Fig4.png> <./Chapter1/Fig5.png>]

LaTeX Warning: Reference `eq:1.1' on page 3 undefined on input line 31.


LaTeX Warning: Citation `DLSR' on page 3 undefined on input line 31.

<Chapter1/Fig6.jpg, id=51, 545.03625pt x 167.4255pt>
File: Chapter1/Fig6.jpg Graphic file (type jpg)
<use Chapter1/Fig6.jpg>
Package pdftex.def Info: Chapter1/Fig6.jpg  used on input line 34.
(pdftex.def)             Requested size: 352.90546pt x 108.405pt.

LaTeX Warning: Citation `DLSR' on page 3 undefined on input line 35.


LaTeX Warning: Citation `DLSR' on page 3 undefined on input line 35.


LaTeX Warning: Citation `Bicubic' on page 3 undefined on input line 38.


LaTeX Warning: Citation `lanczos' on page 3 undefined on input line 38.

[3 <./Chapter1/Fig6.jpg>]) [4]
\openout2 = `Chapter2/chapter2.aux'.

 (Chapter2/chapter2.tex
Chapter 2.

LaTeX Warning: Reference `fig:label2.1' on page 5 undefined on input line 5.

<Chapter2/DLSR.jpeg, id=59, 583.68062pt x 203.76125pt>
File: Chapter2/DLSR.jpeg Graphic file (type jpg)
<use Chapter2/DLSR.jpeg>
Package pdftex.def Info: Chapter2/DLSR.jpeg  used on input line 8.
(pdftex.def)             Requested size: 414.05989pt x 144.54pt.

LaTeX Warning: Citation `DLSR' on page 5 undefined on input line 9.


LaTeX Warning: Citation `DLSR' on page 5 undefined on input line 9.


Underfull \hbox (badness 10000) in paragraph at lines 14--17

 []


Underfull \hbox (badness 10000) in paragraph at lines 18--19

 []

[5





 <./Chapter2/DLSR.jpeg>]
Underfull \hbox (badness 10000) in paragraph at lines 20--21

 []

LaTeX Font Info:    Trying to load font information for TS1+ptm on input line 22.
(C:\Users\Dell\AppData\Local\Programs\MiKTeX\tex/latex/psnfss\ts1ptm.fd
File: ts1ptm.fd 2001/06/04 font definitions for TS1/ptm.
)
Underfull \hbox (badness 10000) in paragraph at lines 22--23

 []


Underfull \hbox (badness 10000) in paragraph at lines 24--25

 []

<Chapter2/up.jpg, id=64, 388.45125pt x 123.46124pt>
File: Chapter2/up.jpg Graphic file (type jpg)
<use Chapter2/up.jpg>
Package pdftex.def Info: Chapter2/up.jpg  used on input line 31.
(pdftex.def)             Requested size: 341.09723pt x 108.405pt.

LaTeX Warning: Citation `DLSR' on page 6 undefined on input line 32.


LaTeX Warning: Citation `DLSR' on page 6 undefined on input line 32.

<Chapter2/Transposed.jpg, id=65, 354.72525pt x 107.2005pt>
File: Chapter2/Transposed.jpg Graphic file (type jpg)
<use Chapter2/Transposed.jpg>
Package pdftex.def Info: Chapter2/Transposed.jpg  used on input line 38.
(pdftex.def)             Requested size: 358.72433pt x 108.405pt.

LaTeX Warning: Citation `DLSR' on page 6 undefined on input line 39.


LaTeX Warning: Citation `DLSR' on page 6 undefined on input line 39.


Underfull \hbox (badness 10000) in paragraph at lines 35--45

 []


LaTeX Warning: `h' float specifier changed to `ht'.

[6 <./Chapter2/up.jpg>]
Underfull \hbox (badness 10000) in paragraph at lines 47--48

 []

<Chapter2/image15.png, id=69, 522.95375pt x 227.85126pt>
File: Chapter2/image15.png Graphic file (type png)
<use Chapter2/image15.png>
Package pdftex.def Info: Chapter2/image15.png  used on input line 52.
(pdftex.def)             Requested size: 232.22293pt x 101.17755pt.

LaTeX Warning: Citation `DLSR' on page 7 undefined on input line 53.


LaTeX Warning: Citation `DLSR' on page 7 undefined on input line 53.

<Chapter2/image16.jpeg, id=70, 538.01pt x 266.49562pt>
File: Chapter2/image16.jpeg Graphic file (type jpg)
<use Chapter2/image16.jpeg>
Package pdftex.def Info: Chapter2/image16.jpeg  used on input line 60.
(pdftex.def)             Requested size: 204.25711pt x 101.17755pt.

LaTeX Warning: Citation `DLSR' on page 7 undefined on input line 61.


LaTeX Warning: Citation `DLSR' on page 7 undefined on input line 61.

[7 <./Chapter2/Transposed.jpg> <./Chapter2/image15.png (PNG copy)>]
Underfull \hbox (badness 10000) in paragraph at lines 65--69

 []

<Chapter2/image17.jpeg, id=74, 607.26875pt x 208.78pt>
File: Chapter2/image17.jpeg Graphic file (type jpg)
<use Chapter2/image17.jpeg>
Package pdftex.def Info: Chapter2/image17.jpeg  used on input line 82.
(pdftex.def)             Requested size: 294.29333pt x 101.17755pt.

LaTeX Warning: Citation `DLSR' on page 8 undefined on input line 83.


LaTeX Warning: Citation `DLSR' on page 8 undefined on input line 83.

[8 <./Chapter2/image16.jpeg>]
<Chapter2/image20.png, id=78, 821.31844pt x 586.44093pt>
File: Chapter2/image20.png Graphic file (type png)
<use Chapter2/image20.png>
Package pdftex.def Info: Chapter2/image20.png  used on input line 91.
(pdftex.def)             Requested size: 445.33507pt x 317.98755pt.

Overfull \hbox (28.50218pt too wide) in paragraph at lines 91--92
 [][] 
 []


LaTeX Warning: Citation `DLSR' on page 9 undefined on input line 92.


LaTeX Warning: Citation `DLSR' on page 9 undefined on input line 92.

) [9 <./Chapter2/image17.jpeg> <./Chapter2/image20.png>]
\openout2 = `Chapter5/Chapter5.aux'.

 (Chapter5/Chapter5.tex
Chapter 3.

LaTeX Warning: Citation `SRCNN' on page 10 undefined on input line 5.


LaTeX Warning: Citation `SRGAN' on page 10 undefined on input line 5.


LaTeX Warning: Citation `CycleGAN' on page 10 undefined on input line 5.

<Chapter5/Fig5.1.jpg, id=83, 478.1865pt x 242.1045pt>
File: Chapter5/Fig5.1.jpg Graphic file (type jpg)
<use Chapter5/Fig5.1.jpg>
Package pdftex.def Info: Chapter5/Fig5.1.jpg  used on input line 10.
(pdftex.def)             Requested size: 356.86592pt x 180.67499pt.

LaTeX Warning: Citation `SRGAN' on page 10 undefined on input line 11.


LaTeX Warning: Citation `SRGAN' on page 10 undefined on input line 11.

[10





 <./Chapter5/Fig5.1.jpg>]
LaTeX Info: Symbol \textrightarrow not provided by
            font family ptm in TS1 encoding.
            Default family used instead on input line 48.
LaTeX Info: Symbol \textrightarrow not provided by
            font family ptm in TS1 encoding.
            Default family used instead on input line 48.
<Chapter5/ModelCycle.jpg, id=87, 534.798pt x 321.6015pt>
File: Chapter5/ModelCycle.jpg Graphic file (type jpg)
<use Chapter5/ModelCycle.jpg>
Package pdftex.def Info: Chapter5/ModelCycle.jpg  used on input line 53.
(pdftex.def)             Requested size: 300.44775pt x 180.67499pt.


LaTeX Warning: Citation `CycleGAN' on page 11 undefined on input line 54.


LaTeX Warning: Citation `CycleGAN' on page 11 undefined on input line 54.


LaTeX Warning: `h' float specifier changed to `ht'.

<Chapter5/Model.jpg, id=88, 520.344pt x 144.54pt>
File: Chapter5/Model.jpg Graphic file (type jpg)
<use Chapter5/Model.jpg>
Package pdftex.def Info: Chapter5/Model.jpg  used on input line 60.
(pdftex.def)             Requested size: 390.25703pt x 108.405pt.
LaTeX Info: Symbol \textrightarrow not provided by
            font family ptm in TS1 encoding.
            Default family used instead on input line 61.
LaTeX Info: Symbol \textrightarrow not provided by
            font family ptm in TS1 encoding.
            Default family used instead on input line 61.
LaTeX Info: Symbol \textrightarrow not provided by
            font family ptm in TS1 encoding.
            Default family used instead on input line 61.
LaTeX Info: Symbol \textrightarrow not provided by
            font family ptm in TS1 encoding.
            Default family used instead on input line 61.
LaTeX Info: Symbol \textrightarrow not provided by
            font family ptm in TS1 encoding.
            Default family used instead on input line 61.
LaTeX Info: Symbol \textrightarrow not provided by
            font family ptm in TS1 encoding.
            Default family used instead on input line 61.

LaTeX Warning: Citation `CycleGAN' on page 11 undefined on input line 61.

LaTeX Info: Symbol \textrightarrow not provided by
            font family ptm in TS1 encoding.
            Default family used instead on input line 61.
LaTeX Info: Symbol \textrightarrow not provided by
            font family ptm in TS1 encoding.
            Default family used instead on input line 61.
LaTeX Info: Symbol \textrightarrow not provided by
            font family ptm in TS1 encoding.
            Default family used instead on input line 61.
LaTeX Info: Symbol \textrightarrow not provided by
            font family ptm in TS1 encoding.
            Default family used instead on input line 61.
LaTeX Info: Symbol \textrightarrow not provided by
            font family ptm in TS1 encoding.
            Default family used instead on input line 61.
LaTeX Info: Symbol \textrightarrow not provided by
            font family ptm in TS1 encoding.
            Default family used instead on input line 61.

LaTeX Warning: Citation `CycleGAN' on page 11 undefined on input line 61.


LaTeX Warning: `h' float specifier changed to `ht'.

[11]
Chapter5/Chapter5.tex:73: Double subscript.
l.73 ...ries to maximize it, i.e., $min_G$ $max_D_
                                                  Y$ $L_{GAN}$(G,$D_Y$,X,Y)....
I treat `x_1_2' essentially like `x_1{}_2'.

LaTeX Info: Symbol \textrightarrow not provided by
            font family ptm in TS1 encoding.
            Default family used instead on input line 73.
Chapter5/Chapter5.tex:73: Double subscript.
l.73 ...nator $D_X$ as well: i.e., $min_F$ $max_D_
                                                  X$ $L_{G A N}$(F,$D_X$,Y,X)
I treat `x_1_2' essentially like `x_1{}_2'.


LaTeX Warning: Reference `fig:test12' on page 12 undefined on input line 93.

<Chapter5/image21.png, id=98, 773.89125pt x 558.58687pt>
File: Chapter5/image21.png Graphic file (type png)
<use Chapter5/image21.png>
Package pdftex.def Info: Chapter5/image21.png  used on input line 96.
(pdftex.def)             Requested size: 280.34831pt x 202.35622pt.
[12 <./Chapter5/ModelCycle.jpg>] [13 <./Chapter5/Model.jpg> <./Chapter5/image21.png>]

LaTeX Warning: Reference `fig:test13' on page 14 undefined on input line 110.


Chapter5/Chapter5.tex:110: LaTeX Error: Unicode character ∗ (U+2217)
               not set up for use with LaTeX.

See the LaTeX manual or LaTeX Companion for explanation.
Type  H <return>  for immediate help.
 ...                                              
                                                  
l.110 ... generated by one DenseNet block is k ∗
                                                   8, where k is refered to ...
You may provide a definition with
\DeclareUnicodeCharacter 

<Chapter5/image22.png, id=106, 761.84625pt x 191.21437pt>
File: Chapter5/image22.png Graphic file (type png)
<use Chapter5/image22.png>
Package pdftex.def Info: Chapter5/image22.png  used on input line 114.
(pdftex.def)             Requested size: 403.11397pt x 101.17755pt.
[14 <./Chapter5/image22.png>]
<Chapter5/image23.png, id=111, 548.80031pt x 191.9672pt>
File: Chapter5/image23.png Graphic file (type png)
<use Chapter5/image23.png>
Package pdftex.def Info: Chapter5/image23.png  used on input line 127.
(pdftex.def)             Requested size: 413.24051pt x 144.54pt.
) [15 <./Chapter5/image23.png>]
\openout2 = `Chapter6/Chapter6.aux'.

 (Chapter6/Chapter6.tex
Chapter 4.

LaTeX Warning: Citation `CycleCNN' on page 16 undefined on input line 2.


LaTeX Warning: Reference `fig:label6.1' on page 16 undefined on input line 4.


LaTeX Warning: Reference `fig:label6.2' on page 16 undefined on input line 4.

<Chapter6/CycleCNN_UP.png, id=116, 1204.5pt x 692.5875pt>
File: Chapter6/CycleCNN_UP.png Graphic file (type png)
<use Chapter6/CycleCNN_UP.png>
Package pdftex.def Info: Chapter6/CycleCNN_UP.png  used on input line 10.
(pdftex.def)             Requested size: 439.90535pt x 252.94499pt.

Overfull \hbox (23.07246pt too wide) in paragraph at lines 10--11
 [][] 
 []

<Chapter6/dd_1.png, id=117, 1045.9075pt x 734.745pt>
File: Chapter6/dd_1.png Graphic file (type png)
<use Chapter6/dd_1.png>
Package pdftex.def Info: Chapter6/dd_1.png  used on input line 17.
(pdftex.def)             Requested size: 462.94571pt x 325.215pt.

Overfull \hbox (46.11282pt too wide) in paragraph at lines 17--18
 [][] 
 []

[16





 <./Chapter6/CycleCNN_UP.png>]

LaTeX Warning: Reference `eqn:mse' on page 17 undefined on input line 23.


LaTeX Warning: Reference `eqn:cycle' on page 17 undefined on input line 23.


LaTeX Warning: Reference `fig:label7.1' on page 17 undefined on input line 35.


LaTeX Warning: Reference `fig:label6.4' on page 17 undefined on input line 40.


LaTeX Warning: Reference `fig:label6.6' on page 17 undefined on input line 40.

[17 <./Chapter6/dd_1.png>]
<Chapter6/DenseGRL_UP.png, id=127, 1143.27126pt x 840.13875pt>
File: Chapter6/DenseGRL_UP.png Graphic file (type png)
<use Chapter6/DenseGRL_UP.png>
Package pdftex.def Info: Chapter6/DenseGRL_UP.png  used on input line 44.
(pdftex.def)             Requested size: 442.55946pt x 325.215pt.

Overfull \hbox (25.72658pt too wide) in paragraph at lines 44--45
 [][] 
 []

<Chapter6/dense_cycle_Downsample.png, id=128, 1720.4275pt x 1035.87pt>
File: Chapter6/dense_cycle_Downsample.png Graphic file (type png)
<use Chapter6/dense_cycle_Downsample.png>
Package pdftex.def Info: Chapter6/dense_cycle_Downsample.png  used on input line 51.
(pdftex.def)             Requested size: 480.11508pt x 289.07999pt.

Overfull \hbox (63.2822pt too wide) in paragraph at lines 51--52
 [][] 
 []

[18 <./Chapter6/DenseGRL_UP.png>]
Overfull \hbox (3.08305pt too wide) in paragraph at lines 60--60
[]\OT1/ptm/b/n/17.28 Dense Cy-cleCNN with GRL block on YCbCr Colour
 []


LaTeX Warning: Reference `fig:label6.6' on page 19 undefined on input line 63.

<Chapter6/Blue_9.png, id=133, 197.2971pt x 201.6333pt>
File: Chapter6/Blue_9.png Graphic file (type png)
<use Chapter6/Blue_9.png>
Package pdftex.def Info: Chapter6/Blue_9.png  used on input line 68.
(pdftex.def)             Requested size: 125.05113pt x 127.80188pt.
<Chapter6/Green_9.png, id=134, 164.41425pt x 166.82326pt>
File: Chapter6/Green_9.png Graphic file (type png)
<use Chapter6/Green_9.png>
Package pdftex.def Info: Chapter6/Green_9.png  used on input line 72.
(pdftex.def)             Requested size: 125.05113pt x 126.88881pt.
<Chapter6/red_9.png, id=135, 163.20975pt x 164.41425pt>
File: Chapter6/red_9.png Graphic file (type png)
<use Chapter6/red_9.png>
Package pdftex.def Info: Chapter6/red_9.png  used on input line 76.
(pdftex.def)             Requested size: 125.05113pt x 125.97717pt.
<Chapter6/Y_9.png, id=136, 164.41425pt x 163.20975pt>
File: Chapter6/Y_9.png Graphic file (type png)
<use Chapter6/Y_9.png>
Package pdftex.def Info: Chapter6/Y_9.png  used on input line 81.
(pdftex.def)             Requested size: 125.05113pt x 124.14029pt.
<Chapter6/CB_9.png, id=137, 164.41425pt x 163.20975pt>
File: Chapter6/CB_9.png Graphic file (type png)
<use Chapter6/CB_9.png>
Package pdftex.def Info: Chapter6/CB_9.png  used on input line 85.
(pdftex.def)             Requested size: 125.05113pt x 124.14029pt.
<Chapter6/CR_9.png, id=138, 165.61874pt x 162.00525pt>
File: Chapter6/CR_9.png Graphic file (type png)
<use Chapter6/CR_9.png>
Package pdftex.def Info: Chapter6/CR_9.png  used on input line 89.
(pdftex.def)             Requested size: 125.05113pt x 122.32185pt.
[19 <./Chapter6/dense_cycle_Downsample.png>]

LaTeX Warning: Reference `fig:label7.3' on page 20 undefined on input line 96.


LaTeX Warning: Citation `SRGAN' on page 20 undefined on input line 98.

[20 <./Chapter6/Blue_9.png> <./Chapter6/Green_9.png> <./Chapter6/red_9.png> <./Chapter6/Y_9.png> <./Chapter6/CB_9.png> <./Chapter6/CR_9.png>]

LaTeX Warning: Citation `RCAN' on page 21 undefined on input line 102.


LaTeX Warning: Citation `DenseNET' on page 21 undefined on input line 102.


LaTeX Warning: Command \textunderscore invalid in math mode on input line 108.


LaTeX Warning: Command \textunderscore invalid in math mode on input line 108.


LaTeX Warning: Command \textunderscore invalid in math mode on input line 108.


LaTeX Warning: Command \textunderscore invalid in math mode on input line 109.


LaTeX Warning: Command \textunderscore invalid in math mode on input line 110.


LaTeX Warning: Command \textunderscore invalid in math mode on input line 113.


LaTeX Warning: Command \textunderscore invalid in math mode on input line 113.


LaTeX Warning: Reference `fig:label6.8' on page 21 undefined on input line 114.

<Chapter6/Proposed_Final.png, id=152, 1276.77pt x 1486.55376pt>
File: Chapter6/Proposed_Final.png Graphic file (type png)
<use Chapter6/Proposed_Final.png>
Package pdftex.def Info: Chapter6/Proposed_Final.png  used on input line 120.
(pdftex.def)             Requested size: 465.53987pt x 542.025pt.

Overfull \hbox (48.70699pt too wide) in paragraph at lines 120--121
 [][] 
 []

[21]) [22 <./Chapter6/Proposed_Final.png>]
\openout2 = `Chapter7/Chapter7.aux'.

 (Chapter7/Chapter7.tex
Chapter 5.

LaTeX Warning: Citation `data' on page 23 undefined on input line 6.


LaTeX Warning: Reference `Table:4.1' on page 23 undefined on input line 8.


LaTeX Warning: Reference `fig:label4.1' on page 23 undefined on input line 34.

<Chapter4/Fig4.1.jpg, id=160, 430.60875pt x 145.7445pt>
File: Chapter4/Fig4.1.jpg Graphic file (type jpg)
<use Chapter4/Fig4.1.jpg>
Package pdftex.def Info: Chapter4/Fig4.1.jpg  used on input line 37.
(pdftex.def)             Requested size: 320.28812pt x 108.405pt.

LaTeX Warning: Citation `data' on page 23 undefined on input line 38.


LaTeX Warning: Citation `data' on page 23 undefined on input line 38.


LaTeX Warning: `h' float specifier changed to `ht'.

[23





]

LaTeX Warning: Reference `fig:label4.1' on page 24 undefined on input line 42.


LaTeX Warning: Reference `fig:label4.2' on page 24 undefined on input line 43.

<Chapter4/Fig4.2.jpg, id=165, 429.40425pt x 137.91525pt>
File: Chapter4/Fig4.2.jpg Graphic file (type jpg)
<use Chapter4/Fig4.2.jpg>
Package pdftex.def Info: Chapter4/Fig4.2.jpg  used on input line 46.
(pdftex.def)             Requested size: 337.52206pt x 108.405pt.

LaTeX Warning: Citation `data' on page 24 undefined on input line 47.


LaTeX Warning: Citation `data' on page 24 undefined on input line 47.


LaTeX Warning: Citation `data' on page 24 undefined on input line 56.


LaTeX Warning: Citation `Adam' on page 24 undefined on input line 56.


LaTeX Warning: Citation `GAN' on page 24 undefined on input line 56.

[24 <./Chapter4/Fig4.1.jpg> <./Chapter4/Fig4.2.jpg>]

LaTeX Warning: Reference `Table:5.1' on page 25 undefined on input line 59.


LaTeX Warning: Reference `fig:label5.2' on page 25 undefined on input line 59.


Underfull \hbox (badness 10000) in paragraph at lines 58--76

 []

<Chapter7/hr_9.jpg, id=169, 281.05pt x 281.05pt>
File: Chapter7/hr_9.jpg Graphic file (type jpg)
<use Chapter7/hr_9.jpg>
Package pdftex.def Info: Chapter7/hr_9.jpg  used on input line 81.
(pdftex.def)             Requested size: 114.6265pt x 114.62656pt.
<Chapter7/Bicubic_9.jpg, id=170, 281.05pt x 281.05pt>
File: Chapter7/Bicubic_9.jpg Graphic file (type jpg)
<use Chapter7/Bicubic_9.jpg>
Package pdftex.def Info: Chapter7/Bicubic_9.jpg  used on input line 85.
(pdftex.def)             Requested size: 114.6265pt x 114.62656pt.
<Chapter7/srgan_9.jpg, id=171, 281.05pt x 281.05pt>
File: Chapter7/srgan_9.jpg Graphic file (type jpg)
<use Chapter7/srgan_9.jpg>
Package pdftex.def Info: Chapter7/srgan_9.jpg  used on input line 89.
(pdftex.def)             Requested size: 114.6265pt x 114.62656pt.
<Chapter7/SSIM_bicubic_9.jpg, id=172, 195.129pt x 195.129pt>
File: Chapter7/SSIM_bicubic_9.jpg Graphic file (type jpg)
<use Chapter7/SSIM_bicubic_9.jpg>
Package pdftex.def Info: Chapter7/SSIM_bicubic_9.jpg  used on input line 94.
(pdftex.def)             Requested size: 114.6265pt x 114.62787pt.
<Chapter7/SSIM_srgan_9.jpg, id=173, 195.129pt x 195.129pt>
File: Chapter7/SSIM_srgan_9.jpg Graphic file (type jpg)
<use Chapter7/SSIM_srgan_9.jpg>
Package pdftex.def Info: Chapter7/SSIM_srgan_9.jpg  used on input line 98.
(pdftex.def)             Requested size: 114.6265pt x 114.62787pt.

LaTeX Warning: Citation `DenseNET' on page 25 undefined on input line 101.


LaTeX Warning: Citation `SSIM' on page 25 undefined on input line 101.


LaTeX Warning: Citation `DenseNET' on page 25 undefined on input line 101.


LaTeX Warning: Citation `SSIM' on page 25 undefined on input line 101.

[25]

LaTeX Warning: Citation `Adam' on page 26 undefined on input line 107.


LaTeX Warning: Reference `Table:5.2' on page 26 undefined on input line 111.

[26 <./Chapter7/hr_9.jpg> <./Chapter7/Bicubic_9.jpg> <./Chapter7/srgan_9.jpg> <./Chapter7/SSIM_bicubic_9.jpg> <./Chapter7/SSIM_srgan_9.jpg>]
File: Chapter7/hr_9.jpg Graphic file (type jpg)
<use Chapter7/hr_9.jpg>
Package pdftex.def Info: Chapter7/hr_9.jpg  used on input line 131.
(pdftex.def)             Requested size: 114.6265pt x 114.62656pt.
File: Chapter7/Bicubic_9.jpg Graphic file (type jpg)
<use Chapter7/Bicubic_9.jpg>
Package pdftex.def Info: Chapter7/Bicubic_9.jpg  used on input line 135.
(pdftex.def)             Requested size: 114.6265pt x 114.62656pt.
<Chapter7/cycle_mse_9.jpg, id=180, 281.05pt x 281.05pt>
File: Chapter7/cycle_mse_9.jpg Graphic file (type jpg)
<use Chapter7/cycle_mse_9.jpg>
Package pdftex.def Info: Chapter7/cycle_mse_9.jpg  used on input line 139.
(pdftex.def)             Requested size: 114.6265pt x 114.62656pt.
File: Chapter7/SSIM_bicubic_9.jpg Graphic file (type jpg)
<use Chapter7/SSIM_bicubic_9.jpg>
Package pdftex.def Info: Chapter7/SSIM_bicubic_9.jpg  used on input line 144.
(pdftex.def)             Requested size: 114.6265pt x 114.62787pt.
<Chapter5/SSIM_cyclegan_9.jpg, id=181, 437.2335pt x 437.2335pt>
File: Chapter5/SSIM_cyclegan_9.jpg Graphic file (type jpg)
<use Chapter5/SSIM_cyclegan_9.jpg>
Package pdftex.def Info: Chapter5/SSIM_cyclegan_9.jpg  used on input line 148.
(pdftex.def)             Requested size: 114.6265pt x 114.6254pt.


LaTeX Warning: Citation `CycleGAN' on page 27 undefined on input line 151.


LaTeX Warning: Citation `SSIM' on page 27 undefined on input line 151.


LaTeX Warning: Citation `CycleGAN' on page 27 undefined on input line 151.


LaTeX Warning: Citation `SSIM' on page 27 undefined on input line 151.

[27 <./Chapter7/cycle_mse_9.jpg> <./Chapter5/SSIM_cyclegan_9.jpg>]
File: Chapter7/hr_9.jpg Graphic file (type jpg)
<use Chapter7/hr_9.jpg>
Package pdftex.def Info: Chapter7/hr_9.jpg  used on input line 183.
(pdftex.def)             Requested size: 114.6265pt x 114.62656pt.
File: Chapter7/Bicubic_9.jpg Graphic file (type jpg)
<use Chapter7/Bicubic_9.jpg>
Package pdftex.def Info: Chapter7/Bicubic_9.jpg  used on input line 187.
(pdftex.def)             Requested size: 114.6265pt x 114.62656pt.
<Chapter7/Dense_9.jpg, id=185, 281.05pt x 281.05pt>
File: Chapter7/Dense_9.jpg Graphic file (type jpg)
<use Chapter7/Dense_9.jpg>
Package pdftex.def Info: Chapter7/Dense_9.jpg  used on input line 191.
(pdftex.def)             Requested size: 114.6265pt x 114.62656pt.
File: Chapter7/SSIM_bicubic_9.jpg Graphic file (type jpg)
<use Chapter7/SSIM_bicubic_9.jpg>
Package pdftex.def Info: Chapter7/SSIM_bicubic_9.jpg  used on input line 196.
(pdftex.def)             Requested size: 114.6265pt x 114.62787pt.
<Chapter7/SSIM_densenet_9.jpg, id=186, 195.129pt x 195.129pt>
File: Chapter7/SSIM_densenet_9.jpg Graphic file (type jpg)
<use Chapter7/SSIM_densenet_9.jpg>
Package pdftex.def Info: Chapter7/SSIM_densenet_9.jpg  used on input line 200.
(pdftex.def)             Requested size: 114.6265pt x 114.62787pt.


LaTeX Warning: Citation `DenseNET' on page 28 undefined on input line 203.


LaTeX Warning: Citation `SSIM' on page 28 undefined on input line 203.

[28 <./Chapter7/Dense_9.jpg> <./Chapter7/SSIM_densenet_9.jpg>]
File: Chapter7/hr_9.jpg Graphic file (type jpg)
<use Chapter7/hr_9.jpg>
Package pdftex.def Info: Chapter7/hr_9.jpg  used on input line 229.
(pdftex.def)             Requested size: 114.6265pt x 114.62656pt.
File: Chapter7/Bicubic_9.jpg Graphic file (type jpg)
<use Chapter7/Bicubic_9.jpg>
Package pdftex.def Info: Chapter7/Bicubic_9.jpg  used on input line 233.
(pdftex.def)             Requested size: 114.6265pt x 114.62656pt.
<Chapter7/rcan_9.jpg, id=190, 281.05pt x 281.05pt>
File: Chapter7/rcan_9.jpg Graphic file (type jpg)
<use Chapter7/rcan_9.jpg>
Package pdftex.def Info: Chapter7/rcan_9.jpg  used on input line 237.
(pdftex.def)             Requested size: 114.6265pt x 114.62656pt.
File: Chapter7/SSIM_bicubic_9.jpg Graphic file (type jpg)
<use Chapter7/SSIM_bicubic_9.jpg>
Package pdftex.def Info: Chapter7/SSIM_bicubic_9.jpg  used on input line 242.
(pdftex.def)             Requested size: 114.6265pt x 114.62787pt.
<Chapter7/SSIM_rcan_9.jpg, id=191, 195.129pt x 195.129pt>
File: Chapter7/SSIM_rcan_9.jpg Graphic file (type jpg)
<use Chapter7/SSIM_rcan_9.jpg>
Package pdftex.def Info: Chapter7/SSIM_rcan_9.jpg  used on input line 246.
(pdftex.def)             Requested size: 114.6265pt x 114.62787pt.


LaTeX Warning: Reference `fig:label7.1' on page 29 undefined on input line 255.


LaTeX Warning: Reference `fig:label7.2' on page 29 undefined on input line 255.


LaTeX Warning: Reference `fig:label7.3' on page 29 undefined on input line 255.


LaTeX Warning: Reference `fig:label7.4' on page 29 undefined on input line 255.

[29 <./Chapter7/rcan_9.jpg> <./Chapter7/SSIM_rcan_9.jpg>]
File: Chapter7/hr_9.jpg Graphic file (type jpg)
<use Chapter7/hr_9.jpg>
Package pdftex.def Info: Chapter7/hr_9.jpg  used on input line 261.
(pdftex.def)             Requested size: 133.38957pt x 133.38863pt.
<Chapter7/hr_445.jpg, id=196, 281.05pt x 281.05pt>
File: Chapter7/hr_445.jpg Graphic file (type jpg)
<use Chapter7/hr_445.jpg>
Package pdftex.def Info: Chapter7/hr_445.jpg  used on input line 265.
(pdftex.def)             Requested size: 133.38957pt x 133.38863pt.
<Chapter7/hr_456.jpg, id=197, 281.05pt x 281.05pt>
File: Chapter7/hr_456.jpg Graphic file (type jpg)
<use Chapter7/hr_456.jpg>
Package pdftex.def Info: Chapter7/hr_456.jpg  used on input line 269.
(pdftex.def)             Requested size: 133.38957pt x 133.38863pt.
File: Chapter7/Bicubic_9.jpg Graphic file (type jpg)
<use Chapter7/Bicubic_9.jpg>
Package pdftex.def Info: Chapter7/Bicubic_9.jpg  used on input line 274.
(pdftex.def)             Requested size: 133.38957pt x 133.38863pt.
<Chapter7/Bicubic_445.jpg, id=198, 281.05pt x 281.05pt>
File: Chapter7/Bicubic_445.jpg Graphic file (type jpg)
<use Chapter7/Bicubic_445.jpg>
Package pdftex.def Info: Chapter7/Bicubic_445.jpg  used on input line 278.
(pdftex.def)             Requested size: 133.38957pt x 133.38863pt.
<Chapter7/Bicubic_456.jpg, id=199, 281.05pt x 281.05pt>
File: Chapter7/Bicubic_456.jpg Graphic file (type jpg)
<use Chapter7/Bicubic_456.jpg>
Package pdftex.def Info: Chapter7/Bicubic_456.jpg  used on input line 282.
(pdftex.def)             Requested size: 133.38957pt x 133.38863pt.
File: Chapter7/cycle_mse_9.jpg Graphic file (type jpg)
<use Chapter7/cycle_mse_9.jpg>
Package pdftex.def Info: Chapter7/cycle_mse_9.jpg  used on input line 287.
(pdftex.def)             Requested size: 133.38957pt x 133.38863pt.
<Chapter7/cycle_mse_445.jpg, id=200, 281.05pt x 281.05pt>
File: Chapter7/cycle_mse_445.jpg Graphic file (type jpg)
<use Chapter7/cycle_mse_445.jpg>
Package pdftex.def Info: Chapter7/cycle_mse_445.jpg  used on input line 291.
(pdftex.def)             Requested size: 133.38957pt x 133.38863pt.
<Chapter7/cycle_mse_456.jpg, id=201, 281.05pt x 281.05pt>
File: Chapter7/cycle_mse_456.jpg Graphic file (type jpg)
<use Chapter7/cycle_mse_456.jpg>
Package pdftex.def Info: Chapter7/cycle_mse_456.jpg  used on input line 295.
(pdftex.def)             Requested size: 133.38957pt x 133.38863pt.
File: Chapter7/hr_9.jpg Graphic file (type jpg)
<use Chapter7/hr_9.jpg>
Package pdftex.def Info: Chapter7/hr_9.jpg  used on input line 307.
(pdftex.def)             Requested size: 133.38957pt x 133.38863pt.
File: Chapter7/hr_445.jpg Graphic file (type jpg)
<use Chapter7/hr_445.jpg>
Package pdftex.def Info: Chapter7/hr_445.jpg  used on input line 311.
(pdftex.def)             Requested size: 133.38957pt x 133.38863pt.
File: Chapter7/hr_456.jpg Graphic file (type jpg)
<use Chapter7/hr_456.jpg>
Package pdftex.def Info: Chapter7/hr_456.jpg  used on input line 315.
(pdftex.def)             Requested size: 133.38957pt x 133.38863pt.
File: Chapter7/Bicubic_9.jpg Graphic file (type jpg)
<use Chapter7/Bicubic_9.jpg>
Package pdftex.def Info: Chapter7/Bicubic_9.jpg  used on input line 320.
(pdftex.def)             Requested size: 133.38957pt x 133.38863pt.
File: Chapter7/Bicubic_445.jpg Graphic file (type jpg)
<use Chapter7/Bicubic_445.jpg>
Package pdftex.def Info: Chapter7/Bicubic_445.jpg  used on input line 324.
(pdftex.def)             Requested size: 133.38957pt x 133.38863pt.
File: Chapter7/Bicubic_456.jpg Graphic file (type jpg)
<use Chapter7/Bicubic_456.jpg>
Package pdftex.def Info: Chapter7/Bicubic_456.jpg  used on input line 328.
(pdftex.def)             Requested size: 133.38957pt x 133.38863pt.
<Chapter7/dense_grl_9.jpg, id=202, 281.05pt x 281.05pt>
File: Chapter7/dense_grl_9.jpg Graphic file (type jpg)
<use Chapter7/dense_grl_9.jpg>
Package pdftex.def Info: Chapter7/dense_grl_9.jpg  used on input line 333.
(pdftex.def)             Requested size: 133.38957pt x 133.38863pt.
<Chapter7/Dense_445.jpg, id=203, 281.05pt x 281.05pt>
File: Chapter7/Dense_445.jpg Graphic file (type jpg)
<use Chapter7/Dense_445.jpg>
Package pdftex.def Info: Chapter7/Dense_445.jpg  used on input line 337.
(pdftex.def)             Requested size: 133.38957pt x 133.38863pt.
<Chapter7/Dense_456.jpg, id=204, 281.05pt x 281.05pt>
File: Chapter7/Dense_456.jpg Graphic file (type jpg)
<use Chapter7/Dense_456.jpg>
Package pdftex.def Info: Chapter7/Dense_456.jpg  used on input line 341.
(pdftex.def)             Requested size: 133.38957pt x 133.38863pt.
 [30 <./Chapter7/hr_445.jpg> <./Chapter7/hr_456.jpg> <./Chapter7/Bicubic_445.jpg> <./Chapter7/Bicubic_456.jpg> <./Chapter7/cycle_mse_445.jpg> <./Chapter7/cycle_mse_456.jpg>]
File: Chapter7/hr_9.jpg Graphic file (type jpg)
<use Chapter7/hr_9.jpg>
Package pdftex.def Info: Chapter7/hr_9.jpg  used on input line 353.
(pdftex.def)             Requested size: 133.38957pt x 133.38863pt.
File: Chapter7/hr_445.jpg Graphic file (type jpg)
<use Chapter7/hr_445.jpg>
Package pdftex.def Info: Chapter7/hr_445.jpg  used on input line 357.
(pdftex.def)             Requested size: 133.38957pt x 133.38863pt.
File: Chapter7/hr_456.jpg Graphic file (type jpg)
<use Chapter7/hr_456.jpg>
Package pdftex.def Info: Chapter7/hr_456.jpg  used on input line 361.
(pdftex.def)             Requested size: 133.38957pt x 133.38863pt.
File: Chapter7/Bicubic_9.jpg Graphic file (type jpg)
<use Chapter7/Bicubic_9.jpg>
Package pdftex.def Info: Chapter7/Bicubic_9.jpg  used on input line 366.
(pdftex.def)             Requested size: 133.38957pt x 133.38863pt.
File: Chapter7/Bicubic_445.jpg Graphic file (type jpg)
<use Chapter7/Bicubic_445.jpg>
Package pdftex.def Info: Chapter7/Bicubic_445.jpg  used on input line 370.
(pdftex.def)             Requested size: 133.38957pt x 133.38863pt.
File: Chapter7/Bicubic_456.jpg Graphic file (type jpg)
<use Chapter7/Bicubic_456.jpg>
Package pdftex.def Info: Chapter7/Bicubic_456.jpg  used on input line 374.
(pdftex.def)             Requested size: 133.38957pt x 133.38863pt.
<Chapter7/Ycbcr_cycle_dense_9.jpg, id=208, 281.05pt x 281.05pt>
File: Chapter7/Ycbcr_cycle_dense_9.jpg Graphic file (type jpg)
<use Chapter7/Ycbcr_cycle_dense_9.jpg>
Package pdftex.def Info: Chapter7/Ycbcr_cycle_dense_9.jpg  used on input line 379.
(pdftex.def)             Requested size: 133.38957pt x 133.38863pt.
<Chapter7/Ycbcr_cycle_dense_445.jpg, id=209, 281.05pt x 281.05pt>
File: Chapter7/Ycbcr_cycle_dense_445.jpg Graphic file (type jpg)
<use Chapter7/Ycbcr_cycle_dense_445.jpg>
Package pdftex.def Info: Chapter7/Ycbcr_cycle_dense_445.jpg  used on input line 383.
(pdftex.def)             Requested size: 133.38957pt x 133.38863pt.
<Chapter7/Ycbcr_cycle_dense_456.jpg, id=210, 281.05pt x 281.05pt>
File: Chapter7/Ycbcr_cycle_dense_456.jpg Graphic file (type jpg)
<use Chapter7/Ycbcr_cycle_dense_456.jpg>
Package pdftex.def Info: Chapter7/Ycbcr_cycle_dense_456.jpg  used on input line 387.
(pdftex.def)             Requested size: 133.38957pt x 133.38863pt.
 [31 <./Chapter7/dense_grl_9.jpg> <./Chapter7/Dense_445.jpg> <./Chapter7/Dense_456.jpg>]
File: Chapter7/hr_9.jpg Graphic file (type jpg)
<use Chapter7/hr_9.jpg>
Package pdftex.def Info: Chapter7/hr_9.jpg  used on input line 402.
(pdftex.def)             Requested size: 133.38957pt x 133.38863pt.
File: Chapter7/hr_445.jpg Graphic file (type jpg)
<use Chapter7/hr_445.jpg>
Package pdftex.def Info: Chapter7/hr_445.jpg  used on input line 406.
(pdftex.def)             Requested size: 133.38957pt x 133.38863pt.
File: Chapter7/hr_456.jpg Graphic file (type jpg)
<use Chapter7/hr_456.jpg>
Package pdftex.def Info: Chapter7/hr_456.jpg  used on input line 410.
(pdftex.def)             Requested size: 133.38957pt x 133.38863pt.
File: Chapter7/Bicubic_9.jpg Graphic file (type jpg)
<use Chapter7/Bicubic_9.jpg>
Package pdftex.def Info: Chapter7/Bicubic_9.jpg  used on input line 415.
(pdftex.def)             Requested size: 133.38957pt x 133.38863pt.
File: Chapter7/Bicubic_445.jpg Graphic file (type jpg)
<use Chapter7/Bicubic_445.jpg>
Package pdftex.def Info: Chapter7/Bicubic_445.jpg  used on input line 419.
(pdftex.def)             Requested size: 133.38957pt x 133.38863pt.
File: Chapter7/Bicubic_456.jpg Graphic file (type jpg)
<use Chapter7/Bicubic_456.jpg>
Package pdftex.def Info: Chapter7/Bicubic_456.jpg  used on input line 423.
(pdftex.def)             Requested size: 133.38957pt x 133.38863pt.
<Chapter7/patch_ycbcr_dense_9.jpg, id=214, 281.05pt x 281.05pt>
File: Chapter7/patch_ycbcr_dense_9.jpg Graphic file (type jpg)
<use Chapter7/patch_ycbcr_dense_9.jpg>
Package pdftex.def Info: Chapter7/patch_ycbcr_dense_9.jpg  used on input line 428.
(pdftex.def)             Requested size: 133.38957pt x 133.38863pt.
<Chapter7/patch_ycbcr_dense_445.jpg, id=215, 281.05pt x 281.05pt>
File: Chapter7/patch_ycbcr_dense_445.jpg Graphic file (type jpg)
<use Chapter7/patch_ycbcr_dense_445.jpg>
Package pdftex.def Info: Chapter7/patch_ycbcr_dense_445.jpg  used on input line 432.
(pdftex.def)             Requested size: 133.38957pt x 133.38863pt.
<Chapter7/patch_ycbcr_dense_456.jpg, id=216, 281.05pt x 281.05pt>
File: Chapter7/patch_ycbcr_dense_456.jpg Graphic file (type jpg)
<use Chapter7/patch_ycbcr_dense_456.jpg>
Package pdftex.def Info: Chapter7/patch_ycbcr_dense_456.jpg  used on input line 436.
(pdftex.def)             Requested size: 133.38957pt x 133.38863pt.
 [32 <./Chapter7/Ycbcr_cycle_dense_9.jpg> <./Chapter7/Ycbcr_cycle_dense_445.jpg> <./Chapter7/Ycbcr_cycle_dense_456.jpg>]
File: Chapter7/Bicubic_9.jpg Graphic file (type jpg)
<use Chapter7/Bicubic_9.jpg>
Package pdftex.def Info: Chapter7/Bicubic_9.jpg  used on input line 450.
(pdftex.def)             Requested size: 114.6265pt x 114.62656pt.
File: Chapter7/Bicubic_445.jpg Graphic file (type jpg)
<use Chapter7/Bicubic_445.jpg>
Package pdftex.def Info: Chapter7/Bicubic_445.jpg  used on input line 454.
(pdftex.def)             Requested size: 114.6265pt x 114.62656pt.
File: Chapter7/Bicubic_456.jpg Graphic file (type jpg)
<use Chapter7/Bicubic_456.jpg>
Package pdftex.def Info: Chapter7/Bicubic_456.jpg  used on input line 458.
(pdftex.def)             Requested size: 114.6265pt x 114.62656pt.
File: Chapter7/srgan_9.jpg Graphic file (type jpg)
<use Chapter7/srgan_9.jpg>
Package pdftex.def Info: Chapter7/srgan_9.jpg  used on input line 463.
(pdftex.def)             Requested size: 114.6265pt x 114.62656pt.
<Chapter7/srgan_445.jpg, id=220, 281.05pt x 281.05pt>
File: Chapter7/srgan_445.jpg Graphic file (type jpg)
<use Chapter7/srgan_445.jpg>
Package pdftex.def Info: Chapter7/srgan_445.jpg  used on input line 467.
(pdftex.def)             Requested size: 114.6265pt x 114.62656pt.
<Chapter7/srgan_456.jpg, id=221, 281.05pt x 281.05pt>
File: Chapter7/srgan_456.jpg Graphic file (type jpg)
<use Chapter7/srgan_456.jpg>
Package pdftex.def Info: Chapter7/srgan_456.jpg  used on input line 471.
(pdftex.def)             Requested size: 114.6265pt x 114.62656pt.
File: Chapter7/Dense_9.jpg Graphic file (type jpg)
<use Chapter7/Dense_9.jpg>
Package pdftex.def Info: Chapter7/Dense_9.jpg  used on input line 476.
(pdftex.def)             Requested size: 114.6265pt x 114.62656pt.
File: Chapter7/Dense_445.jpg Graphic file (type jpg)
<use Chapter7/Dense_445.jpg>
Package pdftex.def Info: Chapter7/Dense_445.jpg  used on input line 480.
(pdftex.def)             Requested size: 114.6265pt x 114.62656pt.
File: Chapter7/Dense_456.jpg Graphic file (type jpg)
<use Chapter7/Dense_456.jpg>
Package pdftex.def Info: Chapter7/Dense_456.jpg  used on input line 484.
(pdftex.def)             Requested size: 114.6265pt x 114.62656pt.
File: Chapter7/rcan_9.jpg Graphic file (type jpg)
<use Chapter7/rcan_9.jpg>
Package pdftex.def Info: Chapter7/rcan_9.jpg  used on input line 489.
(pdftex.def)             Requested size: 114.6265pt x 114.62656pt.
<Chapter5/rcan_445.jpg, id=222, 281.05pt x 281.05pt>
File: Chapter5/rcan_445.jpg Graphic file (type jpg)
<use Chapter5/rcan_445.jpg>
Package pdftex.def Info: Chapter5/rcan_445.jpg  used on input line 493.
(pdftex.def)             Requested size: 114.6265pt x 114.62656pt.
<Chapter7/rcan_456.jpg, id=223, 281.05pt x 281.05pt>
File: Chapter7/rcan_456.jpg Graphic file (type jpg)
<use Chapter7/rcan_456.jpg>
Package pdftex.def Info: Chapter7/rcan_456.jpg  used on input line 497.
(pdftex.def)             Requested size: 114.6265pt x 114.62656pt.
<Chapter7/DCAN_9.jpg, id=224, 281.05pt x 281.05pt>
File: Chapter7/DCAN_9.jpg Graphic file (type jpg)
<use Chapter7/DCAN_9.jpg>
Package pdftex.def Info: Chapter7/DCAN_9.jpg  used on input line 502.
(pdftex.def)             Requested size: 114.6265pt x 114.62656pt.
File: Chapter7/Dense_445.jpg Graphic file (type jpg)
<use Chapter7/Dense_445.jpg>
Package pdftex.def Info: Chapter7/Dense_445.jpg  used on input line 506.
(pdftex.def)             Requested size: 114.6265pt x 114.62656pt.
<Chapter7/DCAN_456.jpg, id=225, 281.05pt x 281.05pt>
File: Chapter7/DCAN_456.jpg Graphic file (type jpg)
<use Chapter7/DCAN_456.jpg>
Package pdftex.def Info: Chapter7/DCAN_456.jpg  used on input line 510.
(pdftex.def)             Requested size: 114.6265pt x 114.62656pt.
 [33 <./Chapter7/patch_ycbcr_dense_9.jpg> <./Chapter7/patch_ycbcr_dense_445.jpg> <./Chapter7/patch_ycbcr_dense_456.jpg>]
Overfull \vbox (92.22359pt too high) has occurred while \output is active []

 [34 <./Chapter7/srgan_445.jpg> <./Chapter7/srgan_456.jpg> <./Chapter5/rcan_445.jpg> <./Chapter7/rcan_456.jpg> <./Chapter7/DCAN_9.jpg> <./Chapter7/DCAN_456.jpg>]

LaTeX Warning: Reference `fig:DCAN' on page 35 undefined on input line 521.


LaTeX Warning: Reference `fig:label7.6' on page 35 undefined on input line 522.


LaTeX Warning: Reference `fig:label7.7' on page 35 undefined on input line 522.

File: Chapter7/hr_445.jpg Graphic file (type jpg)
<use Chapter7/hr_445.jpg>
Package pdftex.def Info: Chapter7/hr_445.jpg  used on input line 527.
(pdftex.def)             Requested size: 114.6265pt x 114.62656pt.
<Chapter7/SSIM_bicubic_445.jpg, id=232, 195.129pt x 195.129pt>
File: Chapter7/SSIM_bicubic_445.jpg Graphic file (type jpg)
<use Chapter7/SSIM_bicubic_445.jpg>
Package pdftex.def Info: Chapter7/SSIM_bicubic_445.jpg  used on input line 531.
(pdftex.def)             Requested size: 114.6265pt x 114.62787pt.
<Chapter7/SSIM_srgan_445.jpg, id=233, 195.129pt x 195.129pt>
File: Chapter7/SSIM_srgan_445.jpg Graphic file (type jpg)
<use Chapter7/SSIM_srgan_445.jpg>
Package pdftex.def Info: Chapter7/SSIM_srgan_445.jpg  used on input line 535.
(pdftex.def)             Requested size: 114.6265pt x 114.62787pt.
<Chapter7/SSIM_densenet_445.jpg, id=234, 195.129pt x 195.129pt>
File: Chapter7/SSIM_densenet_445.jpg Graphic file (type jpg)
<use Chapter7/SSIM_densenet_445.jpg>
Package pdftex.def Info: Chapter7/SSIM_densenet_445.jpg  used on input line 540.
(pdftex.def)             Requested size: 114.6265pt x 114.62787pt.
<Chapter7/SSIM_rcan_445.jpg, id=235, 195.129pt x 195.129pt>
File: Chapter7/SSIM_rcan_445.jpg Graphic file (type jpg)
<use Chapter7/SSIM_rcan_445.jpg>
Package pdftex.def Info: Chapter7/SSIM_rcan_445.jpg  used on input line 544.
(pdftex.def)             Requested size: 114.6265pt x 114.62787pt.
<Chapter7/SSIM_proposed_445.jpg, id=236, 195.129pt x 195.129pt>
File: Chapter7/SSIM_proposed_445.jpg Graphic file (type jpg)
<use Chapter7/SSIM_proposed_445.jpg>
Package pdftex.def Info: Chapter7/SSIM_proposed_445.jpg  used on input line 548.
(pdftex.def)             Requested size: 114.6265pt x 114.62787pt.
File: Chapter7/hr_9.jpg Graphic file (type jpg)
<use Chapter7/hr_9.jpg>
Package pdftex.def Info: Chapter7/hr_9.jpg  used on input line 566.
(pdftex.def)             Requested size: 114.6265pt x 114.62656pt.
File: Chapter7/SSIM_bicubic_9.jpg Graphic file (type jpg)
<use Chapter7/SSIM_bicubic_9.jpg>
Package pdftex.def Info: Chapter7/SSIM_bicubic_9.jpg  used on input line 570.
(pdftex.def)             Requested size: 114.6265pt x 114.62787pt.
File: Chapter7/SSIM_srgan_9.jpg Graphic file (type jpg)
<use Chapter7/SSIM_srgan_9.jpg>
Package pdftex.def Info: Chapter7/SSIM_srgan_9.jpg  used on input line 574.
(pdftex.def)             Requested size: 114.6265pt x 114.62787pt.
File: Chapter7/SSIM_densenet_9.jpg Graphic file (type jpg)
<use Chapter7/SSIM_densenet_9.jpg>
Package pdftex.def Info: Chapter7/SSIM_densenet_9.jpg  used on input line 579.
(pdftex.def)             Requested size: 114.6265pt x 114.62787pt.
File: Chapter7/SSIM_rcan_9.jpg Graphic file (type jpg)
<use Chapter7/SSIM_rcan_9.jpg>
Package pdftex.def Info: Chapter7/SSIM_rcan_9.jpg  used on input line 583.
(pdftex.def)             Requested size: 114.6265pt x 114.62787pt.
<Chapter7/SSIM_proposed_9_marked.png, id=237, 195.129pt x 195.129pt>
File: Chapter7/SSIM_proposed_9_marked.png Graphic file (type png)
<use Chapter7/SSIM_proposed_9_marked.png>
Package pdftex.def Info: Chapter7/SSIM_proposed_9_marked.png  used on input line 587.
(pdftex.def)             Requested size: 114.6265pt x 114.62787pt.
[35 <./Chapter7/SSIM_bicubic_445.jpg> <./Chapter7/SSIM_srgan_445.jpg> <./Chapter7/SSIM_densenet_445.jpg> <./Chapter7/SSIM_rcan_445.jpg> <./Chapter7/SSIM_proposed_445.jpg>]
Chapter7/Chapter7.tex:597: Missing number, treated as zero.
<to be read again> 
                   }
l.597 \begin{figure}[H]{\textwidth}
                                   
A number should have been here; I inserted `0'.
(If you can't figure out why I needed to see a number,
look up `weird error' in the index to The TeXbook.)

Chapter7/Chapter7.tex:597: Illegal unit of measure (pt inserted).
<to be read again> 
                   }
l.597 \begin{figure}[H]{\textwidth}
                                   
Dimensions can be in units of em, ex, in, pt, pc,
cm, mm, dd, cc, nd, nc, bp, or sp; but yours is a new one!
I'll assume that you meant to say pt, for printer's points.
To recover gracefully from this error, it's best to
delete the erroneous units; e.g., type `2' to delete
two letters. (See Chapter 27 of The TeXbook.)

<Chapter7/Patch Analysis.png, id=242, 1126.2075pt x 492.84125pt>
File: Chapter7/Patch Analysis.png Graphic file (type png)
<use Chapter7/Patch Analysis.png>
Package pdftex.def Info: Chapter7/Patch Analysis.png  used on input line 599.
(pdftex.def)             Requested size: 416.83289pt x 182.40855pt.

LaTeX Warning: Reference `fig:label7.7' on page 36 undefined on input line 606.


LaTeX Warning: Reference `fig:label7.8' on page 36 undefined on input line 606.


LaTeX Warning: Reference `Table:6.1' on page 36 undefined on input line 614.


LaTeX Warning: Citation `SRGAN' on page 36 undefined on input line 629.


LaTeX Warning: Citation `DenseNET' on page 36 undefined on input line 631.


LaTeX Warning: Citation `RCAN' on page 36 undefined on input line 633.


Overfull \hbox (60.92123pt too wide) in paragraph at lines 619--717
 [][] 
 []

[36 <./Chapter7/SSIM_proposed_9_marked.png> <./Chapter7/Patch Analysis.png>]

LaTeX Warning: Reference `Table:7.1' on page 37 undefined on input line 722.


LaTeX Warning: Citation `SRGAN' on page 37 undefined on input line 735.


LaTeX Warning: Citation `DenseNET' on page 37 undefined on input line 737.


LaTeX Warning: Citation `RCAN' on page 37 undefined on input line 739.


LaTeX Warning: Reference `fig:label7.9' on page 37 undefined on input line 745.

<Chapter7/proposed_y.png, id=248, 355.3275pt x 240.29774pt>
File: Chapter7/proposed_y.png Graphic file (type png)
<use Chapter7/proposed_y.png>
Package pdftex.def Info: Chapter7/proposed_y.png  used on input line 751.
(pdftex.def)             Requested size: 114.6265pt x 77.51651pt.
<Chapter7/bicubic_y.png, id=249, 354.123pt x 241.50224pt>
File: Chapter7/bicubic_y.png Graphic file (type png)
<use Chapter7/bicubic_y.png>
Package pdftex.def Info: Chapter7/bicubic_y.png  used on input line 755.
(pdftex.def)             Requested size: 114.6265pt x 78.17038pt.
<Chapter7/srgan_y.png, id=250, 350.5095pt x 239.6955pt>
File: Chapter7/srgan_y.png Graphic file (type png)
<use Chapter7/srgan_y.png>
Package pdftex.def Info: Chapter7/srgan_y.png  used on input line 759.
(pdftex.def)             Requested size: 114.6265pt x 78.38655pt.
<Chapter7/rcan_y.png, id=251, 349.90726pt x 239.6955pt>
File: Chapter7/rcan_y.png Graphic file (type png)
<use Chapter7/rcan_y.png>
Package pdftex.def Info: Chapter7/rcan_y.png  used on input line 764.
(pdftex.def)             Requested size: 114.6265pt x 78.52187pt.
<Chapter7/dense_y.png, id=252, 343.88475pt x 243.309pt>
File: Chapter7/dense_y.png Graphic file (type png)
<use Chapter7/dense_y.png>
Package pdftex.def Info: Chapter7/dense_y.png  used on input line 768.
(pdftex.def)             Requested size: 114.6265pt x 81.10156pt.
[37]) [38 <./Chapter7/proposed_y.png> <./Chapter7/bicubic_y.png> <./Chapter7/srgan_y.png> <./Chapter7/rcan_y.png> <./Chapter7/dense_y.png>]
\openout2 = `conclusion.aux'.

 (conclusion.tex) [39





]
\openout2 = `mybibfile.aux'.


No file mybibfile.tex.
(MainFile.bbl [40









]) [41] (MainFile.aux (acknowl.aux) (abstract.aux) (abbreviations.aux) (null.aux) (Chapter1/chapter1.aux) (Chapter2/chapter2.aux) (Chapter5/Chapter5.aux) (Chapter6/Chapter6.aux) (Chapter7/Chapter7.aux) (conclusion.aux) (mybibfile.aux))

LaTeX Warning: There were undefined references.


LaTeX Warning: Label(s) may have changed. Rerun to get cross-references right.

 ) 
Here is how much of TeX's memory you used:
 8881 strings out of 476331
 164181 string characters out of 5788237
 1868660 words of memory out of 5000000
 29005 multiletter control sequences out of 15000+600000
 540485 words of font info for 90 fonts, out of 8000000 for 9000
 1141 hyphenation exceptions out of 8191
 72i,16n,77p,1587b,505s stack positions out of 10000i,1000n,20000p,200000b,200000s
 <C:\Users\Dell\AppData\Local\MiKTeX\fonts/pk/ljfour/jknappen/ec/dpi600\tcrm1200.pk><C:/Users/Dell/AppData/Local/Programs/MiKTeX/fonts/type1/public/amsfonts/cm/cmex10.pfb><C:/Users/Dell/AppData/Local/Programs/MiKTeX/fonts/type1/public/amsfonts/cm/cmmi10.pfb><C:/Users/Dell/AppData/Local/Programs/MiKTeX/fonts/type1/public/amsfonts/cm/cmmi12.pfb><C:/Users/Dell/AppData/Local/Programs/MiKTeX/fonts/type1/public/amsfonts/cm/cmmi6.pfb><C:/Users/Dell/AppData/Local/Programs/MiKTeX/fonts/type1/public/amsfonts/cm/cmmi8.pfb><C:/Users/Dell/AppData/Local/Programs/MiKTeX/fonts/type1/public/amsfonts/cm/cmr12.pfb><C:/Users/Dell/AppData/Local/Programs/MiKTeX/fonts/type1/public/amsfonts/cm/cmr8.pfb><C:/Users/Dell/AppData/Local/Programs/MiKTeX/fonts/type1/public/amsfonts/cm/cmsy10.pfb><C:/Users/Dell/AppData/Local/Programs/MiKTeX/fonts/type1/public/amsfonts/cm/cmsy8.pfb><C:/Users/Dell/AppData/Local/Programs/MiKTeX/fonts/type1/public/amsfonts/symbols/msbm10.pfb><C:/Users/Dell/AppData/Local/Programs/MiKTeX/fonts/type1/urw/times/utmb8a.pfb><C:/Users/Dell/AppData/Local/Programs/MiKTeX/fonts/type1/urw/times/utmr8a.pfb><C:/Users/Dell/AppData/Local/Programs/MiKTeX/fonts/type1/urw/times/utmri8a.pfb>
Output written on MainFile.pdf (49 pages, 3943040 bytes).
PDF statistics:
 335 PDF objects out of 1000 (max. 8388607)
 0 named destinations out of 1000 (max. 500000)
 383 words of extra memory for PDF output out of 10000 (max. 10000000)

